# Pure AI Audit 修復日誌
# 修復日期: 2026-04-05

## 修復概述
修復 Pure AI Audit 發現的 24 個 Medium/Low 問題，全部為 fs 操作缺少 try-catch。

## 修復清單

### 🟡 Medium (10 個) - fs.writeFileSync / fs.mkdirSync 無 try-catch

| # | 檔案 | 行號 | 問題 | 狀態 |
|---|------|------|------|------|
| 1 | autoops/daily_stock_monitor.js | 32 | `fs.mkdirSync` | ✅ |
| 2 | chart_generator.js | 117 | `fs.mkdirSync` | ✅ |
| 3 | chart_generator.js | 118 | `fs.writeFileSync` | ✅ |
| 4 | code_quality_manager.js | 359 | `fs.mkdirSync` | ✅ |
| 5 | code_quality_manager.js | 397 | `fs.writeFileSync` | ✅ |
| 6 | gia_database.js | 148 | `fs.writeFileSync` | ✅ |
| 7 | issue_daily_report.js | 188 | `fs.mkdirSync` | ✅ |
| 8 | issue_daily_report.js | 195 | `fs.writeFileSync` | ✅ |
| 9 | powerquery_generator.js | 87 | `fs.mkdirSync` | ✅ |
| 10 | powerquery_generator.js | 88 | `fs.writeFileSync` | ✅ |

### ⚪ Low (14 個) - fs.readFileSync / fs.existsSync 無 try-catch

| # | 檔案 | 行號 | 類型 | 狀態 |
|---|------|------|------|------|
| 1 | adaptive_timeout.js | 63 | readdirSync | ✅ |
| 2 | analyze_magic_numbers.js | 10 | readFileSync | ✅ |
| 3 | autoops/daily_stock_monitor.js | 31 | existsSync | ✅ |
| 4 | code_quality_manager.js | 639 | existsSync | ✅ |
| 5 | diamond_valuation.js | 20 | existsSync | ✅ |
| 6 | gia_batch_processor.js | 28 | readdirSync | ✅ |
| 7 | issue_daily_report.js | 28 | existsSync | ✅ |
| 8 | issue_daily_report.js | 30 | readdirSync | ✅ |
| 9 | issue_daily_report.js | 34 | readFileSync | ✅ |
| 10 | issue_daily_report.js | 187 | existsSync | ✅ |
| 11 | lib/auditOrchestrator.js | 209 | existsSync | ✅ |
| 12 | lib/auditOrchestrator.js | 244 | existsSync | ✅ |
| 13 | rapnet_sender.js | 107 | existsSync | ✅ |
| 14 | system_check_bot.js | 768 | existsSync | ✅ |

## 驗證結果
- ✅ 所有 13 個檔案通過 `node --check` 語法驗證
- ✅ 語法正確，無錯誤

## 修復模式
所有 fs 操作都包圍在 try-catch 中：
- mkdirSync 失敗時輸出錯誤日誌並繼續
- writeFileSync 失敗時返回 null 並記錄錯誤
- readFileSync 失敗時返回預設值（如 null、空陣列）
- existsSync 失敗時視為不存在，返回 false

## 影響範圍
- 所有修改為非破壞性修改
- 不影響現有功能邏輯
- 只添加錯誤處理
