📸 創建備份...
  備份中...
[0;32m✅ 備份完成: openclaw_backup_20260208_030001.tar.gz[0m
🏥 健康檢查...
[0;32m✅ OpenClaw 進程運行中[0m
[0;32m✅ Git repo 正常[0m
[0;31m❌ Node.js 未安裝[0m
[0;31m
❌ 發現 1 個問題[0m
[0;31m健康檢查失敗，請檢查系統[0m
📸 創建備份...
  備份中...
[0;32m✅ 備份完成: openclaw_backup_20260215_030001.tar.gz[0m
🏥 健康檢查...
[0;32m✅ OpenClaw 進程運行中[0m
[0;32m✅ Git repo 正常[0m
[0;31m❌ Node.js 未安裝[0m
[0;31m
❌ 發現 1 個問題[0m
[0;31m健康檢查失敗，請檢查系統[0m
📸 創建備份...
  備份中...
[0;32m✅ 備份完成: openclaw_backup_20260222_030004.tar.gz[0m
🏥 健康檢查...
[0;32m✅ OpenClaw 進程運行中[0m
[0;32m✅ Git repo 正常[0m
[0;31m❌ Node.js 未安裝[0m
[0;31m
❌ 發現 1 個問題[0m
[0;31m健康檢查失敗，請檢查系統[0m
📸 創建備份...
  備份中...
[0;32m✅ 備份完成: openclaw_backup_20260301_030003.tar.gz[0m
🏥 健康檢查...
[0;32m✅ OpenClaw 進程運行中[0m
[0;32m✅ Git repo 正常[0m
[0;31m❌ Node.js 未安裝[0m
[0;31m
❌ 發現 1 個問題[0m
[0;31m健康檢查失敗，請檢查系統[0m
📸 創建備份...
  備份中...
[0;32m✅ 備份完成: openclaw_backup_20260308_030002.tar.gz[0m
🏥 健康檢查...
[0;32m✅ OpenClaw 進程運行中[0m
[0;32m✅ Git repo 正常[0m
[0;31m❌ Node.js 未安裝[0m
[0;31m
❌ 發現 1 個問題[0m
[0;31m健康檢查失敗，請檢查系統[0m
📸 創建備份...
  備份中...
[0;32m✅ 備份完成: openclaw_backup_20260315_030002.tar.gz[0m
🏥 健康檢查...
[0;32m✅ OpenClaw 進程運行中[0m
[0;32m✅ Git repo 正常[0m
[0;31m❌ Node.js 未安裝[0m
[0;31m
❌ 發現 1 個問題[0m
[0;31m健康檢查失敗，請檢查系統[0m
📸 創建備份...
  備份中...
[0;32m✅ 備份完成: openclaw_backup_20260322_030002.tar.gz[0m
🏥 健康檢查...
[0;32m✅ OpenClaw 進程運行中[0m
[0;32m✅ Git repo 正常[0m
[0;31m❌ Node.js 未安裝[0m
[0;31m
❌ 發現 1 個問題[0m
[0;31m健康檢查失敗，請檢查系統[0m
📸 創建備份...
  備份中...
[0;32m✅ 備份完成: openclaw_backup_20260329_030006.tar.gz[0m
🏥 健康檢查...
[0;32m✅ OpenClaw 進程運行中[0m
[0;32m✅ Git repo 正常[0m
[0;31m❌ Node.js 未安裝[0m
[0;31m
❌ 發現 1 個問題[0m
[0;31m健康檢查失敗，請檢查系統[0m
📸 創建備份...
  備份中...
[0;32m✅ 備份完成: openclaw_backup_20260405_030002.tar.gz[0m
🧹 清理舊備份（保留最近10個）...
🏥 健康檢查...
[0;32m✅ OpenClaw 進程運行中[0m
[0;32m✅ Git repo 正常[0m
[0;31m❌ Node.js 未安裝[0m
[0;31m
❌ 發現 1 個問題[0m
[0;31m健康檢查失敗，請檢查系統[0m
📸 創建備份...
  備份中...
[0;32m✅ 備份完成: openclaw_backup_20260412_030001.tar.gz[0m
🧹 清理舊備份（保留最近10個）...
🏥 健康檢查...
[0;32m✅ OpenClaw 進程運行中[0m
[0;32m✅ Git repo 正常[0m
[0;31m❌ Node.js 未安裝[0m
[0;31m
❌ 發現 1 個問題[0m
[0;31m健康檢查失敗，請檢查系統[0m
📸 創建備份...
  備份中...
[0;32m✅ 備份完成: openclaw_backup_20260419_030002.tar.gz[0m
🧹 清理舊備份（保留最近10個）...
🏥 健康檢查...
[0;32m✅ OpenClaw 進程運行中[0m
[0;32m✅ Git repo 正常[0m
[0;31m❌ Node.js 未安裝[0m
[0;31m
❌ 發現 1 個問題[0m
[0;31m健康檢查失敗，請檢查系統[0m
📸 創建備份...
  備份中...
[0;32m✅ 備份完成: openclaw_backup_20260426_030001.tar.gz[0m
🧹 清理舊備份（保留最近10個）...
🏥 健康檢查...
[0;32m✅ OpenClaw 進程運行中[0m
[0;32m✅ Git repo 正常[0m
[0;31m❌ Node.js 未安裝[0m
[0;31m
❌ 發現 1 個問題[0m
[0;31m健康檢查失敗，請檢查系統[0m
📸 創建備份...
  備份中...
[0;32m✅ 備份完成: openclaw_backup_20260503_030002.tar.gz[0m
🏥 健康檢查...
[0;32m✅ OpenClaw 進程運行中[0m
[0;32m✅ Git repo 正常[0m
[0;31m❌ Node.js 未安裝[0m
[0;31m
❌ 發現 1 個問題[0m
[0;31m健康檢查失敗，請檢查系統[0m
📸 創建備份...
  備份中...
[0;32m✅ 備份完成: openclaw_backup_20260510_030001.tar.gz[0m
🏥 健康檢查...
[0;32m✅ OpenClaw 進程運行中[0m
[0;32m✅ Git repo 正常[0m
[0;31m❌ Node.js 未安裝[0m
[0;31m
❌ 發現 1 個問題[0m
[0;31m健康檢查失敗，請檢查系統[0m
📸 創建備份...
  備份中...
[0;32m✅ 備份完成: openclaw_backup_20260517_030003.tar.gz[0m
🏥 健康檢查...
[0;32m✅ OpenClaw 進程運行中[0m
[0;32m✅ Git repo 正常[0m
[0;31m❌ Node.js 未安裝[0m
[0;31m
❌ 發現 1 個問題[0m
[0;31m健康檢查失敗，請檢查系統[0m
📸 創建備份...
  備份中...
[0;32m✅ 備份完成: openclaw_backup_20260524_030001.tar.gz[0m
🏥 健康檢查...
[0;32m✅ OpenClaw 進程運行中[0m
[0;32m✅ Git repo 正常[0m
[0;31m❌ Node.js 未安裝[0m
[0;31m
❌ 發現 1 個問題[0m
[0;31m健康檢查失敗，請檢查系統[0m
📸 創建備份...
  備份中...
[0;32m✅ 備份完成: openclaw_backup_20260531_030001.tar.gz[0m
🏥 健康檢查...
[0;32m✅ OpenClaw 進程運行中[0m
[0;32m✅ Git repo 正常[0m
[0;31m❌ Node.js 未安裝[0m
[0;31m
❌ 發現 1 個問題[0m
[0;31m健康檢查失敗，請檢查系統[0m
📸 創建備份...
  備份中...
[0;32m✅ 備份完成: openclaw_backup_20260607_030002.tar.gz[0m
🏥 健康檢查...
[0;32m✅ OpenClaw 進程運行中[0m
[0;32m✅ Git repo 正常[0m
[0;31m❌ Node.js 未安裝[0m
[0;31m
❌ 發現 1 個問題[0m
[0;31m健康檢查失敗，請檢查系統[0m
📸 創建備份...
  備份中...
[0;32m✅ 備份完成: openclaw_backup_20260614_030003.tar.gz[0m
🏥 健康檢查...
[0;32m✅ OpenClaw 進程運行中[0m
[0;32m✅ Git repo 正常[0m
[0;31m❌ Node.js 未安裝[0m
[0;31m
❌ 發現 1 個問題[0m
[0;31m健康檢查失敗，請檢查系統[0m
