🚀 Starting WhatsApp client...

📱 QR Code received, generating image...
✅ QR Code saved to: whatsapp-qr.png
📁 Also saved as text: whatsapp-qr.txt

Please scan the image file.
📱 QR Code received, generating image...
✅ QR Code saved to: whatsapp-qr.png
📁 Also saved as text: whatsapp-qr.txt

Please scan the image file.
📱 QR Code received, generating image...
✅ QR Code saved to: whatsapp-qr.png
📁 Also saved as text: whatsapp-qr.txt

Please scan the image file.
📱 QR Code received, generating image...
✅ QR Code saved to: whatsapp-qr.png
📁 Also saved as text: whatsapp-qr.txt

Please scan the image file.
📱 QR Code received, generating image...
✅ QR Code saved to: whatsapp-qr.png
📁 Also saved as text: whatsapp-qr.txt

Please scan the image file.
📱 QR Code received, generating image...
✅ QR Code saved to: whatsapp-qr.png
📁 Also saved as text: whatsapp-qr.txt

Please scan the image file.

✅ WhatsApp client is ready!
