🚀 Starting WhatsApp client...


========================================
📱 SCAN THIS QR CODE WITH WHATSAPP
========================================

▄▄▄▄▄▄▄▄▄▄▄▄▄▄▄▄▄▄▄▄▄▄▄▄▄▄▄▄▄▄▄▄▄▄▄▄▄▄▄▄▄▄▄▄▄▄▄▄▄▄▄▄▄▄▄▄▄▄▄
█ ▄▄▄▄▄ █▄▀▀▀▄█▀▀▀██▄▀▀▄█▄▀█▄█▄ ▀▄█▀▀  ▀▄█▀ ▀▀ ▄ ██ ▄▄▄▄▄ █
█ █   █ █ ▄▀▀█▀▄▄▄▄▀█▄▄▄▀▀ █▀█▀ █▄    ▄▄█▄▄▀ ▄▀▄ ██ █   █ █
█ █▄▄▄█ █▄▄▀▀▄█ ▀▀▀▄ ▀▀█ █▀ ▄▄▄ █ ▄█▄█ ▄▄██▀██▄▀▄██ █▄▄▄█ █
█▄▄▄▄▄▄▄█▄▀▄▀ █ █▄▀ ▀▄▀ ▀▄█ █▄█ ▀ ▀ █ ▀ ▀▄▀ ▀▄█ █ █▄▄▄▄▄▄▄█
█▄▄ ▄▀▀▄█ ▀█   ▀██ ▀▀▄  ▀ █ ▄▄▄  █ ▄█▀ ▄▄▄ ▀▀█▄█  ▄█▀ ▄ ▀▄█
█ █▀▄▀▀▄█▄▄▀▀  ▀▀  ██ ▄▄█▄█▄█▀  █ █▄ ██▄▄▄ █▀▀▀ ▄▄▄▀▀▄ ▄▄ █
█ ▀▀▄▀▄▄ ███▀▄▄ ▀██▄  █▄ ██████▀▀▀▀█▄ █▀▀█ █▄▀█▄██  ▀▀█▄▀██
█▀█▄▀▄ ▄▄█▀▄█▀ ▄▀█▀█▄▄▄▄  ▀▄ █▀▀▄▀▀▀▄ █ █▀▄▄▄▄ █▄█▄ ▄ ▀▀ ██
█▄█▄ ▀█▄▀█ ▄▀ █ ▀ ▀███▄█▀█  ▄▄ ▄▄ ▄ ▀███ █▀▄ ▄█  ▄▄▄▀██▄▄ █
█▀ █▄▄█▄█▄█▄ ▄▀▀ ▄▄▄  ▀▄   ▀▀▄██▄█▀ ▄ ▀▀▀ ▄▀  ▀  ▄▄▀▄▀█▄█▀█
█ █▄ ██▄▄██▄▄  ██ ▄▀██▀ ▀█ ▀▄▄▄▀▀█████▀██▄ ▀▀▀█▄▄ ▀▄█   ▀▀█
█▄█▀▄▀ ▄▀▄▄▀█  █▀▄ ▄ ▄█▄  █▀▀▄▀ ▀▄ ▄▀▀█▀█████▀██▀ ▀▀██▀▄█ █
█▀▄▄▀█▄▄ ▄█▀█▄▀█▀█▄ █  ▀█▄██▀▀▄█▄▄▄██   ▀█▄█▄█ ▄▄█▀▀▀█▀▄ ▄█
██  █ ▄▄▄ ▀▀▄▄ ██▀▄▄▀▀█▄ ▄▀ ▄▄▄ █  ▀▄█▄██ █▄ ▄  ▄ ▄▄▄ ▀▀▀▀█
█▀  █ █▄█ █ █ ▀ ▀▀█▄ █▀▀ ▄█ █▄█  ▄▀▀ ▀████▀█▄  ▀█ █▄█ ▄▄█▀█
█   █▄▄▄ ▄▀ ▄ ▄▀ ▄█ ▀▀▄▀  ▀▄▄▄ ▄ ▄ ▀ ▄▄ ▄▄▀ ████    ▄ █▄ ▀█
█▀▄▄█ █▄ ████ ▄▀██▄█ █  ▀ ▄▀██▀▀ █ ▄ █▀▄▄▄ ▀█▀ █▀ █▀ █  ▀ █
██ ██▀▀▄█▄██▀▄██ ▀█▀▄▄▀▄█▄▀███ ██▄█▄ ▀  ▀ ▄█     ▄█ ▄  █▀ █
██▄█▄▄▀▄▄▀█ ███ ██ ▄▀███ ▄█ ██ ▄ ▀▀█▀   ▀██▄▀▀▄▄▀▀ █ ██ █▄█
██▀▀█ █▄▄█ ▄▀ ██ ▄ ▀  ▄▄▄▀▄▄ ▄▄█ █▀█▀█▀▄█ █▄▄█ ▀▀█▀█ █  █▄█
█▄▀▄ ▄█▄▄▀ █ ▄ ▀▀  ▀ █ ▀ █▀ ▀▀ ▄█▄▄▀█▀ ▄ █▀▄ ▄▀▀  ▄▄▀  █▀ █
███▄█▀▀▄▄▀▄█▄ ▀▀███▄▄ █ ▄▀██▄█▄ ██▄▀▄ ▄  ███▀██ ██▄█▀▀█▄ ▀█
█▄█▀▄▄ ▄       █▄█▀▀▀▄ █▀▀▄  █▄ ██▀▄█▀ ▄▄▄▀▀ █▄▄▀▄▄ █▄█▄▄▄█
█ ▀ ▀▀▄▄█▀█▀█  ▄█▀▀█▄█▄██▄▄▀▄ ▀██▀ ▄▀ ▀█▀▀▀▄█▄█▀▀▀▀ █▀▄█ ▄█
███████▄▄▀  █▄ ▄▀█▄▄▄ ▀█▄▄▄ ▄▄▄ █▀ █▀   ▀▀▀▄▄█▀██ ▄▄▄  █▄▄█
█ ▄▄▄▄▄ ██▀██▄▄█▀ ▄▀ █▄  ▀█ █▄█ ▀█▀▀▀██▄▀█▀ ▄▄▀█  █▄█  ▀███
█ █   █ █▀██ ▀▀█▀█▀▀ ▄ ▀ ▀▄  ▄  ▄▄ ▀▀█▄▄▄▀▀▄▄▄▄  ▄▄▄▄  ▄ ▄█
█ █▄▄▄█ █ ▄▀ █▀▀  ▄ ▄▀▄▄█▀▀▄▀██▀█▀  ▄ █▀ █▄▄ ▄█▄▄▄▀ ▀██▄█▀█
█▄▄▄▄▄▄▄█▄██▄███▄████▄▄▄█▄███▄███▄████▄█▄▄█▄▄██████▄▄██▄███


Waiting for connection...


========================================
📱 SCAN THIS QR CODE WITH WHATSAPP
========================================

▄▄▄▄▄▄▄▄▄▄▄▄▄▄▄▄▄▄▄▄▄▄▄▄▄▄▄▄▄▄▄▄▄▄▄▄▄▄▄▄▄▄▄▄▄▄▄▄▄▄▄▄▄▄▄▄▄▄▄
█ ▄▄▄▄▄ █▀▄▄▀▄▄██▄██▀▄█▀ ▄▀ ▀ ▄ ▀▀█▄▀   ▄ ▄ ▄██▄ ██ ▄▄▄▄▄ █
█ █   █ █▄▄▀ ▄▄▄██▀▄ █▄▄▄▄██▀█▄███  ▄█▀▄██▀▄██▀▄ ██ █   █ █
█ █▄▄▄█ █ ▄▀▀▄▄▄██ █▀██▀▀▄  ▄▄▄ █▀ ▀▀▄▀ ▄▀▄ ▄▀ ▀▄██ █▄▄▄█ █
█▄▄▄▄▄▄▄█ █▄█ █▄▀ ▀ ▀ █▄▀▄█ █▄█ ▀▄█▄█ ▀▄█ ▀ ▀ ▀▄█ █▄▄▄▄▄▄▄█
█  ▀▄██▄▄█▄▀▀▀█▀███▄▄▄  ▄█ ▄▄▄ ▄██ ▄ ▄█▄▄▄█▄▄█▄█▄▄█▄  ▀▄▄██
█▀▄█ ▄▀▄ ▀█▀▀█▀██▄▀▄▄▄  ▄█▄ █▀▀▀▄▄█▄▀▄    ▀  ██  █▄█▄▀▀██▄█
█ ▀  ▄▄▄▀▀▀▀▀▄▄█▄ █▄ █ ▀ ██ ▄▄█▀▀▄▀▀▄ ▀█▄ ▄▄▄▄▄ █▄ █▄ █▄▀ █
██▀▄ ▄█▄▀▄▀▄ ▄█▄▀█▄▀▀▄████▄▄ █  ▀▀▄██▀▀█▀█▄▄█▄█▀▄█▀ █ █▄███
█ ▄▀██▄▄ ▀▄  ▀▄▄██▄▄▀▀▄▀▄█▀▄   ██▄▀█▄ ▄▀ █ ▄█▄ ▄▀██ █▀█▄█ █
██▄▀▀█▀▄█▀ ▀ ▄▀▄▄ ▄▄ █▄▀ ▀ ▄▄▀█▄  ▄█▄  ▄▀▀█▀▄█▄█ ▄▄▄▀▄█▄▄ █
█▀▄▄ ▄▄▄▀██▄█ ███ ▀▄ █▀ ▄ █▀▄▄▀▄▀▀██▀ ▄█ ▄█▄▄▀█▄▀█▄▄█ ██▄▀█
██▄█ ▄▀▄▄▄█▄▄▀ ▀█ ▀█▀ ▀ ▀▀▄██  ▀  ▄ ▀ ▄█  ▄▄██▀▀ ▀▄ █▀ █▄▄█
█▀▄▀▄▀▄▄ ▀▄▄█▄▀▀▄ ▄ ███▄█▄▀▄▄▄▄█▄▀▀ █  █▄ ▄█▄ █▀██▀█▄▄▀▄ ▀█
█ █ █ ▄▄▄ █  ▄▄██▀▀▀▄▀█▄█▀  ▄▄▄    █▀ █▀█ ▄██▄  ▀ ▄▄▄ ▄▄▄▀█
█ ▀█  █▄█ ▄█▄▀▀███▄█▀▀██▀█▄ █▄█ ▀ ▄█▀ █ ▀▀▀██▄▄▄▀ █▄█   ▄██
█ ▀█ ▄ ▄  ▄█▄ ▄▄█▀ ▀▀▄     ▄   ▄ ▀▄█  ▀▄██ ▀█ ▄▀▄ ▄   █▄ ▄█
█▀ █▀  ▄▀▀██ █▀▀▄▄▄ ██ ▄▄█▀▀██▄▄██ ▄▀▄ █  ▄█▀█▄▄ █ ▀ ██▄▄ █
█ █▄▄█ ▄ ▀▀▀ █▄▀██▄ ▀▄█ █▀ ▀██▀▄▄▄▀ ▄█▀█▀ █▄ ██▄▀█▄▄▀▀▀▄█ █
█▀▄ ▀▀▀▄▄▄ ██▀██   ▄▀    ▄██  ▄▀█ ▄ ▄▄ █  █▄▀ ▀▀▀▀  █ █ ▄ █
█ ▄▀█  ▄▀█ ▄▀███ ▄█▄█ ▄▄▀▄▀▄ ▄█ ▄█▀█▄▀▄▄█▀ ▀▀█ ▀▄ ▄█ ███ ▄█
██  ▄▄▄▄██▀█▀ ███▄▀ ▀▀▄█▀▄ ▄██▀█▄  █▄ ▀ ▄▀ █▀ ██▀▀▄██▄█  ▄█
███▀ ▀ ▄▄▄▄ ▀▀▀   █▄▄█ █▄▀▀ ▀ ▄ █ ▀ ▄  ██ ▀▀▀ ▄▀▀ ▄▄▄▄██ ▄█
█▀  ▀▀ ▄▄▀ ████▄▄█▄▄▄▄ █▄▄ █ █▀█ █▄█ ▄█▄▄▄▄▄████ █▄▄▄▄▀█▀▄█
█ ▀ ▀▀▄▄██▀█▄▀▀ ▀█▀ █▀█ ▄█▄█ ▄ ▄▄█▄▀▄▀▀▀▀█▀▄▄ █ ▄▀█▄█▄ █▀ █
███████▄█ ███▄ ▀ ▀█ ▀█  █▄▄ ▄▄▄ █▄█ ▄▄▀█▄ ▄█▄▄▀ █ ▄▄▄ ▀▄▄██
█ ▄▄▄▄▄ █▄▀█ ▀▀█▀▄▀▄▄ ▄ ██  █▄█ ▄▀▀▀ █▀██ ▄█▀▄ █  █▄█ █▄ ██
█ █   █ █▀▀▀▄▄ ▀█▀  ▀ ▄█▀ █▄ ▄  █ ▄█  █ ▄█ █▀  ▄▀▄▄ ▄ ▀█▀ █
█ █▄▄▄█ █▀▄▄▀ █▄██▄ ▄▄▀▀█▀▀▀▄▄█▀▄▄██▄ █▄▄ ▄▄   ▀▄▄▀██▄█▄█▄█
█▄▄▄▄▄▄▄█▄▄██▄▄▄▄█▄▄▄▄▄▄▄█▄█▄▄▄▄▄▄██▄▄██▄▄▄█████▄▄▄▄▄▄▄█▄██


Waiting for connection...


========================================
📱 SCAN THIS QR CODE WITH WHATSAPP
========================================

▄▄▄▄▄▄▄▄▄▄▄▄▄▄▄▄▄▄▄▄▄▄▄▄▄▄▄▄▄▄▄▄▄▄▄▄▄▄▄▄▄▄▄▄▄▄▄▄▄▄▄▄▄▄▄▄▄▄▄
█ ▄▄▄▄▄ █▄▀▀▀▄█▀██▄█▀▀▀█▄▄▀█▄█▄ ▀▄█▀▀ ▄█▄▄▄▄▄  ▄ ██ ▄▄▄▄▄ █
█ █   █ █ ▄▀▀█▀▄▄█▄▀▄▄▄▄▀  █▀█▀  ▄  ▄ ▄▄▄█▄▀█▄▀▄ ██ █   █ █
█ █▄▄▄█ █▄▄▀█▄█ ▀▀▀▄ ▀▀█ █▀ ▄▄▄ ▄▀▄█ █ ▄█▀█▀▄▄▄▀▄██ █▄▄▄█ █
█▄▄▄▄▄▄▄█▄▀ ▀▄█ █▄▀ ▀▄▀ ▀▄█ █▄█ ▀ ▀ █ ▀ ▀▄▀ ▀▄█ █ █▄▄▄▄▄▄▄█
█▄▄ ▄▀█▄▀ ▄  ▄ ▀██ ▀▀▄  ▀ █ ▄▄▄  █ ▄█▀ ▄▄▄ ▀▀█▄█▄  ██▄▄ ▀▄█
█ █▀▄▀▀▄ ▀██ █ ▀▀  ██ ▄▄█▄▄▄▀█  █ █  █▀▄▄▄▄▀▀▀█   █    ▄▄ █
█ ▀▄ ▀▄▄ █▄ ▀▄▄ ▀██▄  █▄ █▄█ ██▀▀▀▀█▄ ▀ ▀█ ▄▄▀▀██▄  █▀▀ ▀██
█▀██▄▄ ▄▄█▀▄█▀ ▄▀██ ▄▄    ▀▄ ▄▀▀▄▀▀▀▄▄ █▀▀█▄   █▀ ▄ █▀ ▀ ██
█▀ ▄▀▀█▄▀█ ▄▀ █ ▀ ▀▀ █ █ █  ▄▄▀▄▄ ▄ █▀█▄▄█ ▄█ ▀▀ ▄▄▄▀█▄▄ ▄█
█▄█▄█▄█▄█▄█▄ ▄▀▀▄▄▄▄▄█▀▄ ▀ ▀▀▄█▄▄█▀ ▀▀▀▀ ██ ▄▀ ▀ ▄ ▀▄▀█▄▄██
█ ▀▄ ▄▄▄▄██▄▀▄ ██ ▄▀██▀ ▀█ ▀▄▄▄▀ ███ ▀▀█▄  ▀███▄▄ ▀██   ▀▀█
█▄█▀▄█ ▄█ █ ██▀▀▀▄ ▄ ▄█▄  █▀▀▄▀  ▄ ▄▀▀█▀█████▀██▀ ████▀▄█ █
█▀▄▄▀█ ▄▄▀█▄ ▄▄█▀█▄ █  ▀█▄█▀▀▀▄█▄▄▄██   ▀█▄█▄█ ▄█▄ ▀█▀▀▄ ▄█
██  █ ▄▄▄ ██▄█▄██▀▄▄▀▀█▄ ▄  ▄▄▄ █ ▄█▄█▄▀█ ▀▄ ▄  ▄ ▄▄▄ █▀▀▀█
█▀ ▄▄ █▄█ ▄ █ █ ▀▀█▄ █▀▀ ▄█ █▄█  ▄▀▀ ▀█▄██▀▄▄ ▀▀▄ █▄█ ▄▄█▀█
█ ▀  ▄ ▄▄ ▀ ▄ ▄▀ ▄▀▄▀▀▄▄  ▀▄▄▄ ▄ ▄ ▀  █▄▄ █▄██▀█▄ ▄▄ ▄▄▄ ▀█
█ █▀█ █▄▄████ ▄▀ █▄█▀▄▄ ▀ ▄▀██▀▀ █ ▄ █ ▄ ▄▀ ▀▀▄▄▀██▀▄▄▀▀▀ █
█▄  ▀▀▀▄▀▀██▀▄██▄██▀█▄▀▄▀█▀█ ▄ ██▄█▄▄▄  █ █▄ █▀  ▄█    █  █
█▀▀█▄▄▀▄▄▀█  ██ ██ ▄▀███ ▄█ ███ ▄█▀█▄▄  █▀█▄▄█▄▄▀▀ █ ██ ▄▄█
██▀▀█ █▄▄█▄▀▀▀█▄ ▄ ▀  ▄▄▄▀▄▄ ▄▀█▀▄▀█ ▄▀▄▄ █▄▄█ ▀▀█▀█ █  █▄█
█▄▀▄ █▀▄▄▀▄▀██ ▄▀  ▀ █ ▀ █▀ ▀▀ ▄█▄▄▀█▀ ▄ █▀▄ ▄▀▀  ▀█▀ ▄▀▀ █
███▄█▄▀▄▄▀▄ ▄█▄▄███▄▄ █ ▄▀██▄█▄ ██ █▄ ▄  █▀▀▀█▀▄█ ▀█▀▀▄█ ▀█
█▄█ █▀▀▄▄██▄  █▄▄█▀▀▀▄ █▀▀██ █▄ ███▄█▀▀▄▄▄▀  ██▄█▀█▀ ███▄▄█
█ ▀ ▀▀▄▄█▄█▀█  ▄█▀ █▄█▄▀█▄▄█▄ ▀██▀▀▄█ ▀██▀█ ▀ ▀▄▀▀  ▀ ▀▄ ▄█
███████▄█▀  █▄ ▄▀▄  ▀ ████▄ ▄▄▄ █▀ █▀   ▀█▄▄▄▀ █▀ ▄▄▄  ▄▄ █
█ ▄▄▄▄▄ ██▀██▄▄█▄▀▄▀▀▀▄ █▄█ █▄█ █▀▀▀█ █▄▄█▀▀▀▀▀▄█ █▄█  ▀▀▀█
█ █   █ █▀██ ▄▀█▀█▀▀ ▄ ▀ ▀▄ ▄▄   ▄ ▀█▀▄▄ ▀▀▄▀▄▄  ▄▄▄▄  ▄▀██
█ █▄▄▄█ █ ▄█▄▀▄   ▄ ▄▀▄▄█▀▀▄▄██▀▄   █ █▀ ▄▄▄ ▄█▄▄▄▀ ▀██▄█▀█
█▄▄▄▄▄▄▄█▄█▄▄██▄▄████▄▄▄█▄██▄▄███▄████▄█▄▄█▄▄██████▄█▄█▄███


Waiting for connection...


========================================
📱 SCAN THIS QR CODE WITH WHATSAPP
========================================

▄▄▄▄▄▄▄▄▄▄▄▄▄▄▄▄▄▄▄▄▄▄▄▄▄▄▄▄▄▄▄▄▄▄▄▄▄▄▄▄▄▄▄▄▄▄▄▄▄▄▄▄▄▄▄▄▄▄▄
█ ▄▄▄▄▄ █▄▀▀▀▄▄ ▄▀██▄▀▀█▄ ▀█▄█▄ ▀▄█▀▄▄▀██▄▄▄ ▀ ▄ ██ ▄▄▄▄▄ █
█ █   █ █ ▄▀▀▀▀▄▄█▄▀▄▄▄▄▀▀ █▀█▀  █  ▀ ▄▄▄█▄▀ ▄▀▄ ██ █   █ █
█ █▄▄▄█ █▄▄▀█ █ ▀▀▀▄ ▀▀█ █▀ ▄▄▄ █▀▄█ ▀ ▄▀ █▀ ▄▄▀▄██ █▄▄▄█ █
█▄▄▄▄▄▄▄█▄█ ▀ █ █▄▀ ▀▄▀ ▀▄█ █▄█ ▀ ▀ █ ▀ ▀▄▀ ▀▄█ █ █▄▄▄▄▄▄▄█
█▄▄ ▄█▀▄█▄█    ▀██ ▀▀▄  ▀ █▄▄▄▄  █ ▄█▀ ▄▄▄ ▀▀█▄█▀  █▀ ▄ ▀▄█
█ █▀▄  ▄▄█▀▄█▀ ▀▀  ██ ▄▄█▄▄█▀▀  █ █  █▀▄▄▄▄█▀▀█▄▄ █ ▀▀ ▄▄ █
█ ▀▀▄▀▄▄ ▄▀█▀▄▄ ▀██▄  █▄ █▄▄▀▀█▀▀▀ ▄▄  ▀▀█▄▄▄▀▀██▄  █▀█▄▀██
██▄▄▀▄ ▄█▄▀▄█▀ ▄▀█▄ ▄▄ ▄  ▀▄ ▄▀▀▄▀ ▄▄ ▀▄██ ▀▄ ▄ ██▄ █▀   ██
██▄▄ ▀█▄▀█ ▄▀ █ ▀▀██▄▄▄▀ ▄  ▄▄ ▄▄ ▄ ██ █ █▀▄▄▄ ▀ ▄▄▄▀██▄  █
█▄▀ ▄▄█▄█▄█▄ ▄▀▀█▄▄▄  ▀▄██ ▀▀▄▄█▄▀▀  ▄  ▀▀█ ▀█▀  ▄▄▀▄▀█▄▄▀█
███▄ █ ▄▄██▄▄▄ ██ ▄▀██▀ ▀█ ▀▄▄▄▀▀███▄█▀█ ▄ ▀ ██▄▄  ▄█     █
█▄█▀▄▀ ▄█▄▀█▄ ▄▀▀▄ ▄ ▄█▄  █▀▀▄▀  ▄ ▄▀▀█▀▄███▄ ██▀ ▀█▀█▀▄█ █
█▀▄▄▀ ▄▄▄▀▄▀ ▀██▀█▄ █  ▀█▄██▀▀▄█▄▄▄██   ▀█▄█▄█ ▄▄▄▀  ▀▀▄ ▄█
██  █ ▄▄▄ ▄█▀█▄██▀▄▄▀▀█▄ ▄█ ▄▄▄ █ ▄█▄█▄▀█ █▄ ▄ ▄█ ▄▄▄ ▀▀▀▀█
█▀  █ █▄█ ▄▀█ ▄▄▀▀█▄ █▀▀ ▄▀ █▄█  ▄▀▀ ▀▄▄██ ▄▄ ▀▀█ █▄█ ▀██▀█
█▄▀▀▀▄ ▄▄▄▀ ▄ ▄▀ ▄▄█▀▀      ▄▄ ▄ ▄▀ ▄ █ ▄  ▀██▀██ ▄  ▄█▄ ▀█
█▀█▀  █▄█▄███ ▄▀██▀█ █▄ ▄ ▄▀▄▄▀▀ █ ▄▀▀ ▄ ▄▄▀█▀█▄▀▄█▀██▀▀▀ █
█▄▄▀▀▀▀▄▀▄██▀▄██▀ █▀▄▄▀▄▄▀▀█▄▀ ██ █▄▄▄▀▀█▀█▄ ▄▀ ▀▄█ █▀ ██ █
█ ▀█▄▄▀▄▄▀█ ▄▀█ ██ ▄▀███ ▄█ ███▄▄█▀█▄   ███▄▄█▄▄▀▀ █ ██ ▄██
██▀▀█ █▄▄██▄ ▀▄▄ ▄ ▀  ▄▄▄▀▄▄ ▄ █ █▀█ █▀▄▄▀█▄▄█ ▀▀█▀█ █  █▄█
█▄▀▄ ▀ ▄▄▀▄▄ ▀█ ▀  ▀ █ ▀ █▀ ▀▀ ▄█▄▄▀█▀ ▄ █▀▄ ▄▀▀  ▀ ▀ ▄█▀ █
███▄██▀▄▄▀█▄ ██████▄▄ █ ▄▀▀█▄█▄ ██▄▀▄  ▄ ███▀██ ██▄▀▀▀▄█ ▀█
█▄█▀█▀█▄██▀▀  ▄▄▄█▀▀▀▄ █▀▀█▀ █▄ ██▄▄█▀▄█▄▄ ▀ █████  ▄▄█▄▄▄█
█ ▀ ▀▀▄▄▀▄█▀█  ▄█▀██▄█ ▀█▄▄▀▄ ▀██▀ █▀ ▄▀▀███▀▄█▄ ██ █ ▄█ ▄█
███████▄▄   █▄ ▄▀█▄ ▀▀▀█ █▄ ▄▄▄ █▀ █  ▀▀▀███ █ ██ ▄▄▄  █ ▄█
█ ▄▄▄▄▄ ██▀██▄▄█▀▀▄▀▀▄▄ █▀█ █▄█ ██▀▀█▄▄▄▀█  █ ▀▄▀ █▄█  ▀███
█ █   █ █▀██ ▀▀█▀█▀▀ ▄ ▀ ▀▄        ▀██▄▄ ▀▀▄▄ ▄ ▀▄▄▄   ▄▀██
█ █▄▄▄█ █ ▀█▄▀▄▀  ▄ ▄▀▄▄█▀▀▄▀▀█▀█   █▀█▀ █▄▄▀▄█▄▄▄▀ ▀▀█▄█▀█
█▄▄▄▄▄▄▄█▄▄██▄▄█▄████▄▄▄█▄███▄███▄████▄█▄▄█▄▄██████▄▄██▄███


Waiting for connection...


========================================
📱 SCAN THIS QR CODE WITH WHATSAPP
========================================

▄▄▄▄▄▄▄▄▄▄▄▄▄▄▄▄▄▄▄▄▄▄▄▄▄▄▄▄▄▄▄▄▄▄▄▄▄▄▄▄▄▄▄▄▄▄▄▄▄▄▄▄▄▄▄▄▄▄▄
█ ▄▄▄▄▄ █▀█▀█ ▄▄██▀▀ ▀█▄  ▀▀ █ ▄▀ ██▀▀▄█ ▄▄▄▀▄▄▄ ██ ▄▄▄▄▄ █
█ █   █ █▀█ █  ▄██▄ ████  ▀█ ▄▀▀▀▄▀▀▀ █▄██▄ ▀▄ ▄ ██ █   █ █
█ █▄▄▄█ █▀▀█  ▀▀▄█ ▀▄ ▄▀▀ █ ▄▄▄ ▀█▀▀▀█▄█▄▄▄▄█▀▀▀▄██ █▄▄▄█ █
█▄▄▄▄▄▄▄█▄▀ █ █▄▀▄█▄▀ █ █ █ █▄█ ▀▄█ ▀▄▀▄█▄█▄▀ ▀ ▀▄█▄▄▄▄▄▄▄█
█▄▄ ▄ ▀▄  █▀▄▄▀▀▄▄   ▄▀▀▀▀  ▄▄▄ ▀█▀██ ▀▄██   ██▄▀▀ █ ▀▄▀ ██
██▀ ▀▄▀▄▀ ▄▄  ▄ ▄▄▀ ▀▀▀ ▄▀ ▄ ▀▀█▀▀ ▄▀ ██▀ ▀▄█  ▄█   █▀▀▀ ▀█
█▄▀▄▄▀ ▄▀▄▄██ ▄▄██▀  ▄▀▄▄▀▄▀▄▀▀█▀██▄ ▄ ███▀ ▄█▄▄▀▀ ▄█▀█▄▀▀█
█ ██ █ ▄██ ██ ▀▄ ▄▀▀█▄   ▀ ▄▀▄█▄█▀▀▄ ▀ ▄▄ ▄▀▀▄█  ██ ▄▀▄ ▀██
██▄▄▀█▄▄█▄█  █▀▀▀▄▀▄▀█▄▀▄▀▄▀▀ ▀▀ ▀▀█▄▄▀▄█▀ ▀ █▄█▀▀ █▄▀▄▀▄▀█
█▀▀█▀▄█▄█ ▀▄▄ ▀██▄  ▄▀█▄▄▄ ██▄  ▄██ ██▀▄█▀ █▄██ ▄ ▄█ ▀▀ ▄▀█
█▄▄▄▀ ▀▄██▄███▀█▄▀▄ ▄█ ▀▀▄▀▀██▄ ▄▀▄▄   █▄▀   ▀▄█▄▀ ▄▄▀ ▀▀ █
█▀▀ ▀ █▄▀▀▀██▄▄█▄ ▀▀▄█  ▀█▀ ▄  █▄██ ▀█▀  ▀▄ ▀▀ ▀ ██ ▄▀ ▀▀▀█
██▄ █  ▄▄█▄▄██ ▀██ ▄█▄▄▀▀ █▀█▀ ▀▄  █▀▄ ▄██ ▀▄▀▄▄ ▀▀█▄▀█   █
█▄▀ ▄ ▄▄▄ ▀ ███ ▄ ▄█ ▀▄█ █▀ ▄▄▄ ▄ █▄▄▄█▀▄▀█▀▀▄▀▀▀ ▄▄▄ █  ▀█
█▄▄▄█ █▄█ ▄█▄██▄▄█▄▀▄▄▄█▀▀▀ █▄█ ▄█▄▄▀▄ █ ▀▀  ▀███ █▄█ ▄▀▀ █
█ █ ▀ ▄▄▄ █  ▄▄█▄▄▀▄▀█▀█▄▄▀  ▄▄   █▀▄     █ ▀█  ▀  ▄  █  ██
█▄█▄ ▀█▄  ▄▄█▀█▀▀▄ ▄▀▄▀█▄▀█▀ ▄▀ ▀█▀█▄▄▀▄██ ▀▄▀▀██ ▄▀█▄ ▀ ▄█
█ ▄ ██ ▄ ▄ ▀ ▀▀▄ █▄▄  ▄ ▄▀█▄▀▀▀ ▀▀  ▀▄▄▀▀▄█▀▄██▄ ▀▀▀▄█▀  ██
█▀ ▀ ▄█▄▄█▀  ▄█▄▀█▄ ▀▀▀█▄ █▄▀███████▀▄ ▄██▀ ▄▀ ▄██ ▀▄█▀▄▄▀█
█▄ ▀▄▀█▄███ █▄ ▄▀█  ▀ ██▄ █▄▀█▀▄▀▄ ▄ █ ▄█▀██▄█▀ ▀▄ █▀▄ ▀▄▄█
█▀███▀█▄   ▄ ▄▀█▄▄▀▄▄▄██▀ █▀▄█▀▀▀█▀█▄▄▄██▀ ▀▄█▄█▀██▀▄▄█ █▀█
█▀█ ▀ ▀▄▄██ ▄ █ ▀█▀ ▄▄▀  ██▀ █ ▄█▀▄█ ▄ ▄▄█▀█▀▀▀ █▄ ██▀▀▀ ██
██▄▄▀ █▄▄▀██ ▀ ██▄▀  ▄▀▄▀ ▄ ▀▄▄▀▄████  ███▀▀▀██▄█▄█  ▄▄▄█▄█
█ ▀ ▀▀▄▄▄  █▄█▄█ █▀  ▄▀ ▄▀▀ ▀▄  ▀ █▀ █▀▄ ████▀▄▄▄█▄▀▄█▄ ▄██
███████▄█▀▄ ▀   █▄ ▄▀█▀█▄▀▄ ▄▄▄ ██▄█▄▄▀▄█▀▀ ▄▀███ ▄▄▄ ▄▀▄ █
█ ▄▄▄▄▄ █▄ ▄████▀█▄  ██▀█▀▄ █▄█  ▀  ▄███▀█▀  ▀▀▄█ █▄█   ▄▀█
█ █   █ █  ▀ ▀█▄▄▀ ▄▄███▀▄   ▄ ▄▄███   █▀█ ▀▄█▀▄▀  ▄▄▄▀▀█▄█
█ █▄▄▄█ █  █▄▀▀▀▄  ▄▄█ ▄▀█▀ ██▀██▄▄  ▄███▄   ▀▀▄  ▀▄▀▀▀ ███
█▄▄▄▄▄▄▄█▄▄▄█▄█▄█▄█▄▄▄████▄█▄██▄▄▄▄▄█▄████████▄▄█▄▄▄▄▄██▄██


Waiting for connection...


========================================
📱 SCAN THIS QR CODE WITH WHATSAPP
========================================

▄▄▄▄▄▄▄▄▄▄▄▄▄▄▄▄▄▄▄▄▄▄▄▄▄▄▄▄▄▄▄▄▄▄▄▄▄▄▄▄▄▄▄▄▄▄▄▄▄▄▄▄▄▄▄▄▄▄▄
█ ▄▄▄▄▄ █▀█▀█ ▄▄ ▀ ▀▀▀█▄█ ▀▀ █ ▄▀ ▀█▄▀▄▀▄▄▄▄▀█▄▄ ██ ▄▄▄▄▄ █
█ █   █ █▀█ █  ▄██▄ ████  ▀█ ▄▀▀▀█▀▀ ▀█▄▄█▄ ▄▄ ▄ ██ █   █ █
█ █▄▄▄█ █▀▀█ ▄▀▀▄█ ▀▄ ▄▀▀ █ ▄▄▄  ▄▀▀█ ▄█▀▀▄▄▄▄▀▀▄██ █▄▄▄█ █
█▄▄▄▄▄▄▄█▄█▄▀▄█▄▀▄█▄▀ █ █ █ █▄█ ▀▄█ ▀▄▀▄█▄█▄▀ ▀ ▀▄█▄▄▄▄▄▄▄█
█▄▄ ▄ █▄▄ ▄▄▀█▀▀▄▄   ▄▀▀▀▀▄ ▄▄▄ ▀█▀██ ▀▄██   ██▄   █▄█▄▀ ██
██▀ ▀█▀▄▄▄ ▄▀▀▄ ▄▄▀ ▀▀▀ ▄▀▀█ ▀▀█▀▀▄▄▀ ▀▀▀ ▀ █ ▄▄ █ ▀▄█▀▀ ▀█
█▄▀▄▀▀ ▄▀▀█ █ ▄▄██▀  ▄▀▄▄▀▄ ██▀█▀███ ▄████▄▀▄██▄   ▄▀██▄▀▀█
██▀▀██ ▄█▄ ██ ▀▄ ▄▄ █▄▄█ ▀ ▄▀▄▀ █▀▄▄ ▀▄  ▄▄▀█ ▄█▀ █ ▄ ▀▀▀██
█ ████▄▄█▄█  █▀▀▀▄▄  █▄▀▀ ▄▀▀  ▀ ▀▀█▄ █▄▀▀▀▀▄▀▄█▀▀ █▄▀▄ ▄██
█ █  ▄█▄█ ▀▄▄ ▀█▄█    █▄█  ██▄ ▀ ██  ▄▀▄█  ██▄▄▀▄ ▄▀ ▀▀  ▀█
█▀▄▄▀▄ ▄██▄█▀▄▀█▄▀▄ ▄█ ▀▀▄▀▀██▄  █▄▄▀  ███  ▄▀▄█▄▀█▄▄▀ ▀▀▀█
█▀▀ ▀▄▄▄█▀▄▀███▀▄ ▀▀▄█  ▀█▀ ▄  ████  ▄▀  ▀▄ ▀  ▀ █▄▄ █ ▀▀▀█
██▄ █ █▄▀▄█ ▄██ ██ ▄█▄▄▀▀ ███▀ ▀▄  █▀▄ ▄██ ▀▄▀▄▄█▀▀▄▀██   █
█▄▀ ▄ ▄▄▄ ▀█▀▀▄ ▄ ▄█ ▀▄█ █▀ ▄▄▄ ▄ █▄▄▄█▀▄▀▀▀▀▄▀█  ▄▄▄ ▀  ▀█
█▄▄▄█ █▄█ ▄▄▄█ █▄█▄▀▄▄▄█▀▀▀ █▄█ ▄██▄▀▄ █ ▀▀  ▀▄▄▄ █▄█ ▄▄▀ █
██ ▀ ▄▄▄▄ █  ▄▄█▄▄▀█▀█ ▀▄▄   ▄▄   █   ▀▀  ▄▀██▄█▀▄ ▄▄ ▀  ██
█▄▄ █▀█▄██▄▄█▀█▀█▄▄▄▀▄▀▀▄▀█▀▄█▀ ▀█▀█ ▄ ▄█▀ ▀▄█▄██ ▄▀▀▄  ▄ █
█▄▀▄██ ▄▄▀ ▀ ▀▀▄▀▀▄▄▀█▄ ▄ █▄▀▀▀ ██  ▀▄▄▀█▄█ █▄█▄ ▀▀▀▀▄▀ ▄▀█
██▀▀ ▄█▄▄█▀ █▄█▄▀█▄ ▀▀▀█▄ █▄▀█▄ ▄▀███▄ ▄█▀▀ ▄█ ▄██ ▀▄█▀▄▄ █
█▄ ▀▄▀█▄██▀█▀▀█▄▀█  ▀ ██▄ █▄▀█  ▀▄ ▄ ▄ ▄▄▀████▀ ▀▄ █▀▄ ▀▄▄█
█▀███▄ ▄  █▄█▀ ▀▄▄▀▄▄▄██▀ █▀▄█▀▀▀█▀█▄▄▄██▀ ▀▄█▄█▀█ ▀▄▄█ █▀█
█▀█ ▀▄█▄▄█ █ █ ▄▀█▀ ▄▄▀  █▀▀ █ ▄█▀ █ ▄ ▄▄███▀▀▀▄▀▄▄▀█▀▀  ██
██▄ ▀▄▀▄█ █  ▀▀██▄▀  ▄▀▄▀ ██▀▄▄▀▄█▄██  ▄██▀▀▀████▀▄▀▄█▄▄█▄█
█ ▀ ▀▀▄▄   █▄█▄█ █▄▀ ▄  ▄▀ ▄▀▄  ▀ ▄  █▄▀ ▀▀█▀▀▄▄ █ █ ▀  ▄██
███████▄█ ▄ ▀   ▀▄▄▄ ▄▀█  ▄ ▄▄▄ ██▄██  █▀█▀▀▀▀ ▄▀ ▄▄▄ █ ▄ █
█ ▄▄▄▄▄ █▄ ▄████▄▄▄   █▀█▄▄ █▄█ ▄▀  █▀█▄█ ▀▀▀  ▄█ █▄█   ▄██
█ █   █ █  ▀▄██▄▄▀ ▄▄███▀▄  ▄▄ ▄▄▀██▄  █▀█ ▀ █▀▄   ▄▄ ▀▀▄██
█ █▄▄▄█ █ ▄██ ▀▀▄  ▄▄█ ▄▀█▀ ▀█▀█▄▄▄ ▀███▄▄    ▀▄  ▀▄ ▀▀ ███
█▄▄▄▄▄▄▄█▄██▄▄█▄█▄█▄▄▄████▄█▄▄█▄▄▄▄▄█▄████████▄▄█▄▄▄▄███▄██


Waiting for connection...


========================================
📱 SCAN THIS QR CODE WITH WHATSAPP
========================================

▄▄▄▄▄▄▄▄▄▄▄▄▄▄▄▄▄▄▄▄▄▄▄▄▄▄▄▄▄▄▄▄▄▄▄▄▄▄▄▄▄▄▄▄▄▄▄▄▄▄▄▄▄▄▄▄▄▄▄
█ ▄▄▄▄▄ █▄▀▀▀▄█▀█▀██▄█ █▄▄▀█▄█▄ ▀▄▀█▄█ █▄▀ ▄█▄ ▄ ██ ▄▄▄▄▄ █
█ █   █ █ ▄▀▀▀▀▄██▄▀▄█▄▄▀  █▀█▀  ▄   ▀▄▄▄▄▄▀█▄▀▄ ██ █   █ █
█ █▄▄▄█ █▄ █▄▀█ ▀▀▀▄ ▀▀█ █▀ ▄▄▄ ▄▀▄██▀ ▄▄▄█▀█▄▄▀▄██ █▄▄▄█ █
█▄▄▄▄▄▄▄█▄█ █▄█ █▄▀ ▀▄▀ ▀▄█ █▄█ ▀ ▀ █ ▀ ▀▄▀ ▀▄█ █ █▄▄▄▄▄▄▄█
█▄▄ ▄▀▀▄▀ ▀▄▀  ▀██ ▀▀▄  ▀ █ ▄▄▄  █ ▄█▀ ▄▄▄ ▀▀█▄█▀  ██ ▄ ▀▄█
█ █▀▄ ▀▄ █ ▄█  ▀▀  ██ ▄▄█▄██▀▀  █ ▀  ██▄▄▄ █▀▀█  ▄▄ ▄█ ▄▄ █
█ ▀█▄▀▄▄█ █ ▀▄▄ ▀██▄  █▄ █▄█▀▀█▀▀▀▀█▄ ▀ ▀█▀█▄▀█▄ █  ▀▀▀ ▀██
█▄█▄ ▄ ▄██▀▄█▀ ▄▀█  ▄▄ ▀  ▀▄▀▄██▄▀▄▄ ▄ ██▀▄▄▄▄▀███▄ █ █  ██
█▀▀  ▀█▄▀█ ▄▀ █  ▀ ▀██ █ █  ▄▄▀▄▄ ▄▀█▀▄▄ ▀██  █  ▄▄▄▀██▄▄▄█
█  ▀▀ ▀▄█▄█▄ ▄▀▀█▄▄▄  ▀▄▀  ▀▀▄█▄▄▀▀ ▀ ▀ █▀▄▀▀█▀  ▄▄▀▄▀█▄ ▀█
███▄ ▄█▄▄██▄▄▄ ██ ▄▀██▀ ▀█ ▀▄▄▄▀▀███▄█▀██  ▀ ▀█▄▄ ▀██   ▀▀█
█▄█▀▄█▄▄█ █▄▄▄██▀▄ ▄ ▄█▄  █▀▀▄▀ ▀▄ ▄▀▀█▀█▄██▄ ██▀ ██▀█▀▄█ █
█▀▄▄▀█ ▄▄███▄▄▀ ▀█▄ █  ▀█▄█▀▀▀▄█▄▄▄██   ▀█▄█▄█ ▄▄██ ██▀▄ ▄█
██  █ ▄▄▄ ▀ ▀▀▀ █▀▄▄▀▀█▄ ▄▄ ▄▄▄ █ ▄█▄█▄██ ▀  ▄  ▄ ▄▄▄ ▀▀▀▀█
█▀ ▄  █▄█ █▄█ ██▀▀█▄ █▀▀ ▄█ █▄█  ▄▀▀ ▀████▀▄▄   █ █▄█ █▄█▀█
█▄ ██  ▄▄ ▀ ▄ ▄▀ ▄ ▄▀▀▄▄   ▄▄▄ ▄ ▄ ▀ ▄ █  ▀▄▀██▄▀  ▄▄ ██ ▀█
██▄▀  █▄▀▀███ ▄▀█▄ ▀█▄   ▀▄▀ █▀▀ █ ▄▄█▄█▄   █▀ ██▀█▀█▄▀▀█▄█
█▄▀ ▄▀▀▄▄███▀▄███ █▀  ▀▄█▀▀██▄ ██ █▄▀▄ ▀█ ▄███  ▀▄█ ▄▀ █ ▄█
█▀▀█▄▄▀▄▄▀█ ▀ █ ██ ▄▀███ ▄█ ██▄█▀█▀█ ▄  ▀██▄ ▀▄▄▀▀ █ ██ ▄██
██▀▀█ █▄▄█▀█████ ▄ ▀  ▄▄▄▀▄▄ ▄ ▀ █▀█▀▄▀▄█▀█▄▄█ ▀▀█▀█ █  █▄█
█▄▀▄ █ ▄▄▀▄▄▀▀▄▀▀  ▀ █ ▀ █▀ ▀▀ ▄█▄▄▀█▀ ▄ █▀▄ ▄▀▀  ▄█▀ ▄█▀ █
███▄█▀▀▄▄▀█▄██▀ ███▄▄ █ ▄▀██▄█▄ ██ █▄ ▄▄ ██▀▀██▄█▀▀█▀▀▀▄ ▀█
█▄█ ▀ ▄▄ ▀▄▄  ▀ ▄█▀▀▀▄ █▀▀█▀ █▄ ██▀██▀ █▄▄   ████ ▄▄ ██▄▄▄█
█ ▀ ▀▀▄▄▀██▀█  ▄█▀▄▄▄█▀ █▄██▄ ▀██▀ ▄█▄ ▀██ ▀▀▄█ ▄▀  ▀▄▀▄ ▄█
███████▄█   █▄ ▄▀█ ▄ ▀▀█ █▄ ▄▄▄ █▀ █ ▄▀▀▄█▀█▄█ █▀ ▄▄▄ ▀█▄ █
█ ▄▄▄▄▄ ██▀██▄▄█▄▄▄▀ ▄▄ ▄██ █▄█ █▀▀▀ ████▄  ▀ ▀██ █▄█  ▀███
█ █   █ █▀██ █▀█▀█▀▀ ▄ ▀ ▀▄ ▄    ▄ ▀█▀▄▄ █▀▄▀▄▄ ▀▄▄▄▄  ▄ ▄█
█ █▄▄▄█ █ ▀▀█  █  ▄ ▄▀▄▄█▀▀▄▀██▀█▀  ▄ █▀▀█▄▄ ██▄▄▄▀ ▀▀█▄█▀█
█▄▄▄▄▄▄▄█▄██▄█▄▄▄████▄▄▄█▄██▄▄███▄████▄█▄▄█▄▄██████▄███▄███


Waiting for connection...

