[2026-02-10T05:30:28.068Z] [INFO] 開始健康檢查...
[2026-02-10T05:30:28.135Z] [INFO] 發送 WhatsApp 通知: 🚨 系統健康警報

🔍 系統健康報告
🕐 10/2/2026 下午1:30:28

🤖 OpenClaw: 🔴 DOWN
   ⚠️ Process not found
💬 WhatsAp
[2026-02-10T05:30:28.135Z] [INFO] 檢查完成，耗時 66ms，狀態: 有問題
[2026-02-10T05:40:38.580Z] [INFO] 開始健康檢查...
[2026-02-10T05:40:38.860Z] [INFO] 問題持續中，跳過重複通知
[2026-02-10T05:40:38.860Z] [INFO] 檢查完成，耗時 278ms，狀態: 有問題
[2026-02-10T05:41:12.045Z] [INFO] 開始健康檢查...
[2026-02-10T05:41:12.221Z] [INFO] 檢查完成，耗時 176ms，狀態: 正常
[2026-02-11T08:05:12.502Z] [INFO] 開始健康檢查...
[2026-02-11T08:05:12.821Z] [INFO] 發送 WhatsApp 通知: 🚨 系統健康警報

🔍 系統健康報告
🕐 11/2/2026 下午4:05:12

🤖 OpenClaw: 🟢 UP
💬 WhatsApp: 🟢 UP
☁️ Kimi API: 🟢 U
[2026-02-11T08:05:12.821Z] [INFO] 檢查完成，耗時 318ms，狀態: 有問題
[2026-02-12T02:56:39.933Z] [INFO] 開始健康檢查...
[2026-02-12T02:56:40.321Z] [INFO] 發送 WhatsApp 通知: 🚨 系統健康警報

🔍 系統健康報告
🕐 12/2/2026 上午10:56:40

🤖 OpenClaw: 🟢 UP
💬 WhatsApp: 🟢 UP
☁️ Kimi API: 🟢 
[2026-02-12T02:56:40.322Z] [INFO] 檢查完成，耗時 389ms，狀態: 有問題
[2026-02-12T04:15:03.578Z] [INFO] 開始健康檢查...
[2026-02-12T04:15:03.891Z] [INFO] 發送 WhatsApp 通知: 🚨 系統健康警報

🔍 系統健康報告
🕐 12/2/2026 下午12:15:03

🤖 OpenClaw: 🟢 UP
💬 WhatsApp: 🟢 UP
☁️ Kimi API: 🟢 
[2026-02-12T04:15:03.891Z] [INFO] 檢查完成，耗時 311ms，狀態: 有問題
[2026-02-12T04:20:03.595Z] [INFO] 開始健康檢查...
[2026-02-12T04:20:03.776Z] [INFO] 檢查完成，耗時 180ms，狀態: 正常
[2026-02-12T04:20:09.234Z] [INFO] 開始健康檢查...
[2026-02-12T04:20:09.416Z] [INFO] 檢查完成，耗時 182ms，狀態: 正常
[2026-02-12T04:25:02.357Z] [INFO] 開始健康檢查...
[2026-02-12T04:25:02.538Z] [INFO] 檢查完成，耗時 180ms，狀態: 正常
[2026-02-12T04:25:08.098Z] [INFO] 開始健康檢查...
[2026-02-12T04:25:08.280Z] [INFO] 檢查完成，耗時 181ms，狀態: 正常
[2026-02-12T04:30:12.074Z] [INFO] 開始健康檢查...
[2026-02-12T04:30:12.255Z] [INFO] 檢查完成，耗時 180ms，狀態: 正常
[2026-02-12T04:35:02.791Z] [INFO] 開始健康檢查...
[2026-02-12T04:35:02.971Z] [INFO] 檢查完成，耗時 179ms，狀態: 正常
[2026-02-12T04:35:08.415Z] [INFO] 開始健康檢查...
[2026-02-12T04:35:08.596Z] [INFO] 檢查完成，耗時 180ms，狀態: 正常
[2026-02-12T04:40:02.720Z] [INFO] 開始健康檢查...
[2026-02-12T04:40:02.901Z] [INFO] 檢查完成，耗時 181ms，狀態: 正常
[2026-02-12T04:40:08.814Z] [INFO] 開始健康檢查...
[2026-02-12T04:40:08.997Z] [INFO] 檢查完成，耗時 182ms，狀態: 正常
[2026-02-12T04:45:02.816Z] [INFO] 開始健康檢查...
[2026-02-12T04:45:02.996Z] [INFO] 檢查完成，耗時 179ms，狀態: 正常
[2026-02-12T04:45:09.214Z] [INFO] 開始健康檢查...
[2026-02-12T04:45:09.395Z] [INFO] 檢查完成，耗時 181ms，狀態: 正常
[2026-02-12T04:50:04.200Z] [INFO] 開始健康檢查...
[2026-02-12T04:50:04.380Z] [INFO] 檢查完成，耗時 179ms，狀態: 正常
[2026-02-12T04:50:10.984Z] [INFO] 開始健康檢查...
[2026-02-12T04:50:11.166Z] [INFO] 檢查完成，耗時 181ms，狀態: 正常
[2026-02-12T04:55:03.168Z] [INFO] 開始健康檢查...
[2026-02-12T04:55:03.352Z] [INFO] 檢查完成，耗時 183ms，狀態: 正常
[2026-02-12T04:55:09.393Z] [INFO] 開始健康檢查...
[2026-02-12T04:55:09.574Z] [INFO] 檢查完成，耗時 180ms，狀態: 正常
[2026-02-12T05:00:17.891Z] [INFO] 開始健康檢查...
[2026-02-12T05:00:18.073Z] [INFO] 檢查完成，耗時 181ms，狀態: 正常
[2026-02-12T05:05:02.058Z] [INFO] 開始健康檢查...
[2026-02-12T05:05:02.241Z] [INFO] 檢查完成，耗時 182ms，狀態: 正常
[2026-02-12T05:10:02.373Z] [INFO] 開始健康檢查...
[2026-02-12T05:10:02.557Z] [INFO] 檢查完成，耗時 183ms，狀態: 正常
[2026-02-12T05:15:02.041Z] [INFO] 開始健康檢查...
[2026-02-12T05:15:02.225Z] [INFO] 檢查完成，耗時 183ms，狀態: 正常
[2026-02-12T05:20:02.257Z] [INFO] 開始健康檢查...
[2026-02-12T05:20:02.446Z] [INFO] 檢查完成，耗時 188ms，狀態: 正常
[2026-02-12T05:25:02.416Z] [INFO] 開始健康檢查...
[2026-02-12T05:25:02.598Z] [INFO] 檢查完成，耗時 181ms，狀態: 正常
[2026-02-12T05:30:23.435Z] [INFO] 開始健康檢查...
[2026-02-12T05:30:23.623Z] [INFO] 檢查完成，耗時 187ms，狀態: 正常
[2026-02-12T05:35:02.323Z] [INFO] 開始健康檢查...
[2026-02-12T05:35:02.504Z] [INFO] 檢查完成，耗時 180ms，狀態: 正常
[2026-02-12T05:40:02.250Z] [INFO] 開始健康檢查...
[2026-02-12T05:40:02.431Z] [INFO] 檢查完成，耗時 180ms，狀態: 正常
[2026-02-12T05:45:03.372Z] [INFO] 開始健康檢查...
[2026-02-12T05:45:03.555Z] [INFO] 檢查完成，耗時 182ms，狀態: 正常
[2026-02-12T05:50:02.405Z] [INFO] 開始健康檢查...
[2026-02-12T05:50:02.588Z] [INFO] 檢查完成，耗時 182ms，狀態: 正常
[2026-02-12T05:55:02.819Z] [INFO] 開始健康檢查...
[2026-02-12T05:55:03.001Z] [INFO] 檢查完成，耗時 181ms，狀態: 正常
[2026-02-12T06:00:16.998Z] [INFO] 開始健康檢查...
[2026-02-12T06:00:17.182Z] [INFO] 檢查完成，耗時 184ms，狀態: 正常
[2026-02-12T06:05:02.215Z] [INFO] 開始健康檢查...
[2026-02-12T06:05:02.400Z] [INFO] 檢查完成，耗時 184ms，狀態: 正常
[2026-02-12T06:10:02.175Z] [INFO] 開始健康檢查...
[2026-02-12T06:10:02.358Z] [INFO] 檢查完成，耗時 182ms，狀態: 正常
[2026-02-12T06:15:02.333Z] [INFO] 開始健康檢查...
[2026-02-12T06:15:02.518Z] [INFO] 檢查完成，耗時 184ms，狀態: 正常
[2026-02-12T06:20:02.405Z] [INFO] 開始健康檢查...
[2026-02-12T06:20:02.589Z] [INFO] 檢查完成，耗時 183ms，狀態: 正常
[2026-02-12T06:25:02.441Z] [INFO] 開始健康檢查...
[2026-02-12T06:25:02.626Z] [INFO] 檢查完成，耗時 184ms，狀態: 正常
[2026-02-12T06:30:10.265Z] [INFO] 開始健康檢查...
[2026-02-12T06:30:10.449Z] [INFO] 檢查完成，耗時 183ms，狀態: 正常
[2026-02-12T06:35:02.436Z] [INFO] 開始健康檢查...
[2026-02-12T06:35:02.620Z] [INFO] 檢查完成，耗時 183ms，狀態: 正常
[2026-02-12T06:40:02.461Z] [INFO] 開始健康檢查...
[2026-02-12T06:40:02.655Z] [INFO] 檢查完成，耗時 193ms，狀態: 正常
[2026-02-12T06:45:02.392Z] [INFO] 開始健康檢查...
[2026-02-12T06:45:02.575Z] [INFO] 檢查完成，耗時 182ms，狀態: 正常
[2026-02-12T06:50:02.427Z] [INFO] 開始健康檢查...
[2026-02-12T06:50:02.611Z] [INFO] 檢查完成，耗時 183ms，狀態: 正常
[2026-02-12T06:55:02.253Z] [INFO] 開始健康檢查...
[2026-02-12T06:55:02.437Z] [INFO] 檢查完成，耗時 183ms，狀態: 正常
[2026-02-12T07:00:09.806Z] [INFO] 開始健康檢查...
[2026-02-12T07:00:10.003Z] [INFO] 檢查完成，耗時 197ms，狀態: 正常
[2026-02-12T07:05:02.490Z] [INFO] 開始健康檢查...
[2026-02-12T07:05:02.676Z] [INFO] 檢查完成，耗時 185ms，狀態: 正常
[2026-02-12T07:10:02.227Z] [INFO] 開始健康檢查...
[2026-02-12T07:10:02.413Z] [INFO] 檢查完成，耗時 185ms，狀態: 正常
[2026-02-12T07:15:02.398Z] [INFO] 開始健康檢查...
[2026-02-12T07:15:02.578Z] [INFO] 檢查完成，耗時 179ms，狀態: 正常
[2026-02-12T07:20:02.444Z] [INFO] 開始健康檢查...
[2026-02-12T07:20:02.643Z] [INFO] 檢查完成，耗時 198ms，狀態: 正常
[2026-02-12T07:25:02.155Z] [INFO] 開始健康檢查...
[2026-02-12T07:25:02.339Z] [INFO] 檢查完成，耗時 183ms，狀態: 正常
[2026-02-12T07:30:43.395Z] [INFO] 開始健康檢查...
[2026-02-12T07:30:43.577Z] [INFO] 檢查完成，耗時 181ms，狀態: 正常
[2026-02-12T07:35:02.465Z] [INFO] 開始健康檢查...
[2026-02-12T07:35:02.647Z] [INFO] 檢查完成，耗時 182ms，狀態: 正常
[2026-02-12T07:40:02.537Z] [INFO] 開始健康檢查...
[2026-02-12T07:40:02.717Z] [INFO] 檢查完成，耗時 179ms，狀態: 正常
[2026-02-12T07:45:02.485Z] [INFO] 開始健康檢查...
[2026-02-12T07:45:02.666Z] [INFO] 檢查完成，耗時 180ms，狀態: 正常
[2026-02-12T07:50:02.300Z] [INFO] 開始健康檢查...
[2026-02-12T07:50:02.482Z] [INFO] 檢查完成，耗時 180ms，狀態: 正常
[2026-02-12T07:55:02.336Z] [INFO] 開始健康檢查...
[2026-02-12T07:55:02.518Z] [INFO] 檢查完成，耗時 181ms，狀態: 正常
[2026-02-12T08:01:02.955Z] [INFO] 開始健康檢查...
[2026-02-12T08:01:03.137Z] [INFO] 檢查完成，耗時 182ms，狀態: 正常
[2026-02-12T08:05:03.211Z] [INFO] 開始健康檢查...
[2026-02-12T08:05:03.392Z] [INFO] 檢查完成，耗時 180ms，狀態: 正常
[2026-02-12T08:10:02.627Z] [INFO] 開始健康檢查...
[2026-02-12T08:10:02.809Z] [INFO] 檢查完成，耗時 181ms，狀態: 正常
[2026-02-12T08:15:02.760Z] [INFO] 開始健康檢查...
[2026-02-12T08:15:02.942Z] [INFO] 檢查完成，耗時 181ms，狀態: 正常
[2026-02-12T08:20:02.256Z] [INFO] 開始健康檢查...
[2026-02-12T08:20:02.442Z] [INFO] 檢查完成，耗時 185ms，狀態: 正常
[2026-02-12T08:25:02.632Z] [INFO] 開始健康檢查...
[2026-02-12T08:25:02.820Z] [INFO] 檢查完成，耗時 187ms，狀態: 正常
[2026-02-12T08:30:12.738Z] [INFO] 開始健康檢查...
[2026-02-12T08:30:12.933Z] [INFO] 檢查完成，耗時 194ms，狀態: 正常
[2026-02-12T08:35:02.272Z] [INFO] 開始健康檢查...
[2026-02-12T08:35:02.457Z] [INFO] 檢查完成，耗時 184ms，狀態: 正常
[2026-02-12T08:40:02.554Z] [INFO] 開始健康檢查...
[2026-02-12T08:40:02.738Z] [INFO] 檢查完成，耗時 183ms，狀態: 正常
[2026-02-12T08:45:02.601Z] [INFO] 開始健康檢查...
[2026-02-12T08:45:02.790Z] [INFO] 檢查完成，耗時 189ms，狀態: 正常
[2026-02-12T08:50:02.318Z] [INFO] 開始健康檢查...
[2026-02-12T08:50:02.502Z] [INFO] 檢查完成，耗時 183ms，狀態: 正常
[2026-02-12T08:55:02.406Z] [INFO] 開始健康檢查...
[2026-02-12T08:55:02.589Z] [INFO] 檢查完成，耗時 183ms，狀態: 正常
[2026-02-12T09:00:33.029Z] [INFO] 開始健康檢查...
[2026-02-12T09:00:33.212Z] [INFO] 檢查完成，耗時 182ms，狀態: 正常
[2026-02-12T09:05:02.376Z] [INFO] 開始健康檢查...
[2026-02-12T09:05:02.560Z] [INFO] 檢查完成，耗時 184ms，狀態: 正常
[2026-02-12T09:10:02.121Z] [INFO] 開始健康檢查...
[2026-02-12T09:10:02.307Z] [INFO] 檢查完成，耗時 185ms，狀態: 正常
[2026-02-12T09:15:02.535Z] [INFO] 開始健康檢查...
[2026-02-12T09:15:02.720Z] [INFO] 檢查完成，耗時 184ms，狀態: 正常
[2026-02-12T09:20:02.156Z] [INFO] 開始健康檢查...
[2026-02-12T09:20:02.342Z] [INFO] 檢查完成，耗時 185ms，狀態: 正常
[2026-02-12T09:25:02.472Z] [INFO] 開始健康檢查...
[2026-02-12T09:25:02.672Z] [INFO] 檢查完成，耗時 199ms，狀態: 正常
[2026-02-12T09:30:54.968Z] [INFO] 開始健康檢查...
[2026-02-12T09:30:55.167Z] [INFO] 檢查完成，耗時 197ms，狀態: 正常
[2026-02-12T09:35:02.292Z] [INFO] 開始健康檢查...
[2026-02-12T09:35:02.484Z] [INFO] 檢查完成，耗時 191ms，狀態: 正常
[2026-02-12T09:40:02.441Z] [INFO] 開始健康檢查...
[2026-02-12T09:40:02.625Z] [INFO] 檢查完成，耗時 183ms，狀態: 正常
[2026-02-12T09:45:02.572Z] [INFO] 開始健康檢查...
[2026-02-12T09:45:02.760Z] [INFO] 檢查完成，耗時 188ms，狀態: 正常
[2026-02-12T09:50:02.516Z] [INFO] 開始健康檢查...
[2026-02-12T09:50:02.696Z] [INFO] 檢查完成，耗時 179ms，狀態: 正常
[2026-02-12T09:55:02.371Z] [INFO] 開始健康檢查...
[2026-02-12T09:55:02.552Z] [INFO] 檢查完成，耗時 180ms，狀態: 正常
[2026-02-12T10:00:28.927Z] [INFO] 開始健康檢查...
[2026-02-12T10:00:29.109Z] [INFO] 檢查完成，耗時 181ms，狀態: 正常
[2026-02-12T10:05:02.431Z] [INFO] 開始健康檢查...
[2026-02-12T10:05:02.613Z] [INFO] 檢查完成，耗時 182ms，狀態: 正常
[2026-02-12T10:10:02.209Z] [INFO] 開始健康檢查...
[2026-02-12T10:10:02.391Z] [INFO] 檢查完成，耗時 182ms，狀態: 正常
[2026-02-14T16:05:27.431Z] [INFO] 開始健康檢查...
[2026-02-14T16:05:27.837Z] [INFO] 發送 WhatsApp 通知: 🚨 系統健康警報

🔍 系統健康報告
🕐 15/2/2026 上午12:05:27

🤖 OpenClaw: 🟢 UP
💬 WhatsApp: 🟢 UP
☁️ Kimi API: 🟢 
[2026-02-14T16:05:27.837Z] [INFO] 檢查完成，耗時 405ms，狀態: 有問題
[2026-02-14T16:10:06.354Z] [INFO] 開始健康檢查...
[2026-02-14T16:10:06.559Z] [INFO] 檢查完成，耗時 204ms，狀態: 正常
[2026-02-14T16:15:18.665Z] [INFO] 開始健康檢查...
[2026-02-14T16:15:18.873Z] [INFO] 檢查完成，耗時 208ms，狀態: 正常
[2026-02-14T16:20:05.838Z] [INFO] 開始健康檢查...
[2026-02-14T16:20:06.051Z] [INFO] 檢查完成，耗時 212ms，狀態: 正常
[2026-02-14T16:25:06.264Z] [INFO] 開始健康檢查...
[2026-02-14T16:25:06.491Z] [INFO] 檢查完成，耗時 226ms，狀態: 正常
[2026-02-14T16:31:06.728Z] [INFO] 開始健康檢查...
[2026-02-14T16:31:06.938Z] [INFO] 檢查完成，耗時 209ms，狀態: 正常
[2026-02-14T16:35:05.802Z] [INFO] 開始健康檢查...
[2026-02-14T16:35:06.026Z] [INFO] 檢查完成，耗時 223ms，狀態: 正常
[2026-02-14T16:40:04.169Z] [INFO] 開始健康檢查...
[2026-02-14T16:40:04.378Z] [INFO] 檢查完成，耗時 208ms，狀態: 正常
[2026-02-14T16:45:05.355Z] [INFO] 開始健康檢查...
[2026-02-14T16:45:05.579Z] [INFO] 檢查完成，耗時 223ms，狀態: 正常
[2026-02-14T16:50:05.476Z] [INFO] 開始健康檢查...
[2026-02-14T16:50:05.679Z] [INFO] 檢查完成，耗時 202ms，狀態: 正常
[2026-02-14T16:55:05.487Z] [INFO] 開始健康檢查...
[2026-02-14T16:55:05.698Z] [INFO] 檢查完成，耗時 210ms，狀態: 正常
[2026-02-14T17:00:29.608Z] [INFO] 開始健康檢查...
[2026-02-14T17:00:29.821Z] [INFO] 檢查完成，耗時 212ms，狀態: 正常
[2026-02-14T17:05:04.009Z] [INFO] 開始健康檢查...
[2026-02-14T17:05:04.219Z] [INFO] 檢查完成，耗時 210ms，狀態: 正常
[2026-02-14T17:10:05.542Z] [INFO] 開始健康檢查...
[2026-02-14T17:10:05.754Z] [INFO] 檢查完成，耗時 211ms，狀態: 正常
[2026-02-14T17:15:13.606Z] [INFO] 開始健康檢查...
[2026-02-14T17:15:13.833Z] [INFO] 檢查完成，耗時 226ms，狀態: 正常
[2026-02-14T17:20:05.209Z] [INFO] 開始健康檢查...
[2026-02-14T17:20:05.415Z] [INFO] 檢查完成，耗時 205ms，狀態: 正常
[2026-02-14T17:25:05.086Z] [INFO] 開始健康檢查...
[2026-02-14T17:25:05.321Z] [INFO] 檢查完成，耗時 234ms，狀態: 正常
[2026-02-14T17:30:51.236Z] [INFO] 開始健康檢查...
[2026-02-14T17:30:51.467Z] [INFO] 檢查完成，耗時 230ms，狀態: 正常
[2026-02-14T17:35:06.450Z] [INFO] 開始健康檢查...
[2026-02-14T17:35:06.728Z] [INFO] 檢查完成，耗時 277ms，狀態: 正常
[2026-02-14T17:40:06.573Z] [INFO] 開始健康檢查...
[2026-02-14T17:40:06.808Z] [INFO] 檢查完成，耗時 234ms，狀態: 正常
[2026-02-14T17:45:07.459Z] [INFO] 開始健康檢查...
[2026-02-14T17:45:07.671Z] [INFO] 檢查完成，耗時 211ms，狀態: 正常
[2026-02-14T17:50:04.982Z] [INFO] 開始健康檢查...
[2026-02-14T17:50:05.195Z] [INFO] 檢查完成，耗時 213ms，狀態: 正常
[2026-02-14T17:55:04.373Z] [INFO] 開始健康檢查...
[2026-02-14T17:55:04.585Z] [INFO] 檢查完成，耗時 211ms，狀態: 正常
[2026-02-14T18:01:12.808Z] [INFO] 開始健康檢查...
[2026-02-14T18:01:13.019Z] [INFO] 檢查完成，耗時 211ms，狀態: 正常
[2026-02-14T18:05:05.644Z] [INFO] 開始健康檢查...
[2026-02-14T18:05:05.866Z] [INFO] 檢查完成，耗時 221ms，狀態: 正常
[2026-02-14T18:10:04.949Z] [INFO] 開始健康檢查...
[2026-02-14T18:10:05.164Z] [INFO] 檢查完成，耗時 214ms，狀態: 正常
[2026-02-14T18:15:05.498Z] [INFO] 開始健康檢查...
[2026-02-14T18:15:05.715Z] [INFO] 檢查完成，耗時 216ms，狀態: 正常
[2026-02-14T18:20:14.402Z] [INFO] 開始健康檢查...
[2026-02-14T18:20:14.615Z] [INFO] 檢查完成，耗時 213ms，狀態: 正常
[2026-02-14T18:25:22.481Z] [INFO] 開始健康檢查...
[2026-02-14T18:25:22.684Z] [INFO] 檢查完成，耗時 202ms，狀態: 正常
[2026-02-14T18:30:55.567Z] [INFO] 開始健康檢查...
[2026-02-14T18:30:55.782Z] [INFO] 檢查完成，耗時 214ms，狀態: 正常
[2026-02-14T18:35:21.465Z] [INFO] 開始健康檢查...
[2026-02-14T18:35:21.682Z] [INFO] 檢查完成，耗時 216ms，狀態: 正常
[2026-02-14T18:40:05.705Z] [INFO] 開始健康檢查...
[2026-02-14T18:40:05.918Z] [INFO] 檢查完成，耗時 212ms，狀態: 正常
[2026-02-14T18:45:06.309Z] [INFO] 開始健康檢查...
[2026-02-14T18:45:06.525Z] [INFO] 檢查完成，耗時 216ms，狀態: 正常
[2026-02-14T18:48:46.103Z] [INFO] 開始健康檢查...
[2026-02-14T18:48:46.388Z] [INFO] 檢查完成，耗時 284ms，狀態: 正常
[2026-02-14T18:50:05.708Z] [INFO] 開始健康檢查...
[2026-02-14T18:50:05.987Z] [INFO] 檢查完成，耗時 278ms，狀態: 正常
[2026-02-14T18:55:04.430Z] [INFO] 開始健康檢查...
[2026-02-14T18:55:04.815Z] [INFO] 檢查完成，耗時 384ms，狀態: 正常
[2026-02-14T19:02:19.052Z] [INFO] 開始健康檢查...
[2026-02-14T19:02:19.362Z] [INFO] 檢查完成，耗時 309ms，狀態: 正常
[2026-02-14T19:05:05.454Z] [INFO] 開始健康檢查...
[2026-02-14T19:05:05.741Z] [INFO] 檢查完成，耗時 286ms，狀態: 正常
[2026-02-14T19:10:04.505Z] [INFO] 開始健康檢查...
[2026-02-14T19:10:04.802Z] [INFO] 檢查完成，耗時 296ms，狀態: 正常
[2026-02-14T19:40:11.669Z] [INFO] 開始健康檢查...
[2026-02-14T19:40:12.175Z] [INFO] 發送 WhatsApp 通知: 🚨 系統健康警報

🔍 系統健康報告
🕐 15/2/2026 上午3:40:12

🤖 OpenClaw: 🟢 UP
💬 WhatsApp: 🟢 UP
☁️ Kimi API: 🟢 U
[2026-02-14T19:40:12.176Z] [INFO] 檢查完成，耗時 506ms，狀態: 有問題
[2026-02-14T19:45:06.961Z] [INFO] 開始健康檢查...
[2026-02-14T19:45:07.218Z] [INFO] 檢查完成，耗時 256ms，狀態: 正常
[2026-02-14T19:50:07.250Z] [INFO] 開始健康檢查...
[2026-02-14T19:50:07.509Z] [INFO] 檢查完成，耗時 259ms，狀態: 正常
[2026-02-14T19:55:05.171Z] [INFO] 開始健康檢查...
[2026-02-14T19:55:05.427Z] [INFO] 檢查完成，耗時 256ms，狀態: 正常
[2026-02-14T20:00:31.337Z] [INFO] 開始健康檢查...
[2026-02-14T20:00:31.589Z] [INFO] 檢查完成，耗時 251ms，狀態: 正常
[2026-02-14T20:05:17.410Z] [INFO] 開始健康檢查...
[2026-02-14T20:05:17.672Z] [INFO] 檢查完成，耗時 262ms，狀態: 正常
[2026-02-14T20:05:46.260Z] [INFO] 開始健康檢查...
[2026-02-14T20:05:46.521Z] [INFO] 檢查完成，耗時 260ms，狀態: 正常
[2026-02-14T20:10:11.726Z] [INFO] 開始健康檢查...
[2026-02-14T20:10:11.970Z] [INFO] 檢查完成，耗時 243ms，狀態: 正常
[2026-02-14T20:15:30.969Z] [INFO] 開始健康檢查...
[2026-02-14T20:15:31.216Z] [INFO] 檢查完成，耗時 246ms，狀態: 正常
[2026-02-14T20:20:23.663Z] [INFO] 開始健康檢查...
[2026-02-14T20:20:23.909Z] [INFO] 檢查完成，耗時 245ms，狀態: 正常
[2026-02-14T20:25:04.722Z] [INFO] 開始健康檢查...
[2026-02-14T20:25:04.964Z] [INFO] 檢查完成，耗時 241ms，狀態: 正常
[2026-02-14T20:30:38.548Z] [INFO] 開始健康檢查...
[2026-02-14T20:30:38.793Z] [INFO] 檢查完成，耗時 245ms，狀態: 正常
[2026-02-14T20:35:05.508Z] [INFO] 開始健康檢查...
[2026-02-14T20:35:05.755Z] [INFO] 檢查完成，耗時 246ms，狀態: 正常
[2026-02-14T20:40:05.675Z] [INFO] 開始健康檢查...
[2026-02-14T20:40:05.916Z] [INFO] 檢查完成，耗時 240ms，狀態: 正常
[2026-02-14T20:45:05.748Z] [INFO] 開始健康檢查...
[2026-02-14T20:45:05.993Z] [INFO] 檢查完成，耗時 244ms，狀態: 正常
[2026-02-14T20:50:05.920Z] [INFO] 開始健康檢查...
[2026-02-14T20:50:06.163Z] [INFO] 檢查完成，耗時 242ms，狀態: 正常
[2026-02-14T20:55:06.020Z] [INFO] 開始健康檢查...
[2026-02-14T20:55:06.261Z] [INFO] 檢查完成，耗時 240ms，狀態: 正常
[2026-02-14T21:00:53.481Z] [INFO] 開始健康檢查...
[2026-02-14T21:00:53.722Z] [INFO] 檢查完成，耗時 240ms，狀態: 正常
[2026-02-14T21:05:08.363Z] [INFO] 開始健康檢查...
[2026-02-14T21:05:08.604Z] [INFO] 檢查完成，耗時 240ms，狀態: 正常
[2026-02-14T21:10:05.419Z] [INFO] 開始健康檢查...
[2026-02-14T21:10:05.660Z] [INFO] 檢查完成，耗時 240ms，狀態: 正常
[2026-02-14T21:15:12.220Z] [INFO] 開始健康檢查...
[2026-02-14T21:15:12.462Z] [INFO] 檢查完成，耗時 241ms，狀態: 正常
[2026-02-14T21:20:05.281Z] [INFO] 開始健康檢查...
[2026-02-14T21:20:05.524Z] [INFO] 檢查完成，耗時 242ms，狀態: 正常
[2026-02-14T21:25:05.241Z] [INFO] 開始健康檢查...
[2026-02-14T21:25:05.484Z] [INFO] 檢查完成，耗時 242ms，狀態: 正常
[2026-02-14T21:31:06.480Z] [INFO] 開始健康檢查...
[2026-02-14T21:31:06.722Z] [INFO] 檢查完成，耗時 241ms，狀態: 正常
[2026-02-14T21:35:04.457Z] [INFO] 開始健康檢查...
[2026-02-14T21:35:04.690Z] [INFO] 檢查完成，耗時 231ms，狀態: 正常
[2026-02-14T21:40:05.200Z] [INFO] 開始健康檢查...
[2026-02-14T21:40:05.442Z] [INFO] 檢查完成，耗時 240ms，狀態: 正常
[2026-02-14T21:45:04.908Z] [INFO] 開始健康檢查...
[2026-02-14T21:45:05.151Z] [INFO] 檢查完成，耗時 242ms，狀態: 正常
[2026-02-14T21:50:04.760Z] [INFO] 開始健康檢查...
[2026-02-14T21:50:05.003Z] [INFO] 檢查完成，耗時 242ms，狀態: 正常
[2026-02-14T21:55:04.591Z] [INFO] 開始健康檢查...
[2026-02-14T21:55:04.834Z] [INFO] 檢查完成，耗時 242ms，狀態: 正常
[2026-02-14T22:00:53.675Z] [INFO] 開始健康檢查...
[2026-02-14T22:00:53.917Z] [INFO] 檢查完成，耗時 240ms，狀態: 正常
[2026-02-14T22:05:05.352Z] [INFO] 開始健康檢查...
[2026-02-14T22:05:05.594Z] [INFO] 檢查完成，耗時 241ms，狀態: 正常
[2026-02-14T22:10:05.275Z] [INFO] 開始健康檢查...
[2026-02-14T22:10:05.517Z] [INFO] 檢查完成，耗時 241ms，狀態: 正常
[2026-02-14T22:15:05.677Z] [INFO] 開始健康檢查...
[2026-02-14T22:15:05.921Z] [INFO] 檢查完成，耗時 243ms，狀態: 正常
[2026-02-14T22:20:05.264Z] [INFO] 開始健康檢查...
[2026-02-14T22:20:05.509Z] [INFO] 檢查完成，耗時 244ms，狀態: 正常
[2026-02-14T22:25:04.683Z] [INFO] 開始健康檢查...
[2026-02-14T22:25:04.926Z] [INFO] 檢查完成，耗時 242ms，狀態: 正常
[2026-02-14T22:30:12.595Z] [INFO] 開始健康檢查...
[2026-02-14T22:30:12.839Z] [INFO] 檢查完成，耗時 243ms，狀態: 正常
[2026-02-14T22:35:05.721Z] [INFO] 開始健康檢查...
[2026-02-14T22:35:05.966Z] [INFO] 檢查完成，耗時 244ms，狀態: 正常
[2026-02-14T22:40:12.047Z] [INFO] 開始健康檢查...
[2026-02-14T22:40:12.291Z] [INFO] 檢查完成，耗時 243ms，狀態: 正常
[2026-02-14T22:45:12.266Z] [INFO] 開始健康檢查...
[2026-02-14T22:45:12.511Z] [INFO] 檢查完成，耗時 244ms，狀態: 正常
[2026-02-14T22:50:11.572Z] [INFO] 開始健康檢查...
[2026-02-14T22:50:11.822Z] [INFO] 檢查完成，耗時 248ms，狀態: 正常
[2026-02-14T22:55:15.181Z] [INFO] 開始健康檢查...
[2026-02-14T22:55:15.426Z] [INFO] 檢查完成，耗時 243ms，狀態: 正常
[2026-02-14T23:00:37.565Z] [INFO] 開始健康檢查...
[2026-02-14T23:00:37.809Z] [INFO] 檢查完成，耗時 243ms，狀態: 正常
[2026-02-14T23:05:05.648Z] [INFO] 開始健康檢查...
[2026-02-14T23:05:05.893Z] [INFO] 檢查完成，耗時 244ms，狀態: 正常
[2026-02-14T23:10:04.555Z] [INFO] 開始健康檢查...
[2026-02-14T23:10:04.797Z] [INFO] 檢查完成，耗時 241ms，狀態: 正常
[2026-02-14T23:15:08.874Z] [INFO] 開始健康檢查...
[2026-02-14T23:15:09.119Z] [INFO] 檢查完成，耗時 244ms，狀態: 正常
[2026-02-14T23:20:16.281Z] [INFO] 開始健康檢查...
[2026-02-14T23:20:16.525Z] [INFO] 檢查完成，耗時 243ms，狀態: 正常
[2026-02-14T23:25:04.349Z] [INFO] 開始健康檢查...
[2026-02-14T23:25:04.591Z] [INFO] 檢查完成，耗時 241ms，狀態: 正常
[2026-02-14T23:30:33.257Z] [INFO] 開始健康檢查...
[2026-02-14T23:30:33.501Z] [INFO] 檢查完成，耗時 243ms，狀態: 正常
[2026-02-14T23:35:04.457Z] [INFO] 開始健康檢查...
[2026-02-14T23:35:04.704Z] [INFO] 檢查完成，耗時 246ms，狀態: 正常
[2026-02-14T23:40:04.962Z] [INFO] 開始健康檢查...
[2026-02-14T23:40:05.216Z] [INFO] 檢查完成，耗時 253ms，狀態: 正常
[2026-02-14T23:45:05.605Z] [INFO] 開始健康檢查...
[2026-02-14T23:45:05.851Z] [INFO] 檢查完成，耗時 245ms，狀態: 正常
[2026-02-14T23:50:04.076Z] [INFO] 開始健康檢查...
[2026-02-14T23:50:04.318Z] [INFO] 檢查完成，耗時 241ms，狀態: 正常
[2026-02-14T23:55:04.569Z] [INFO] 開始健康檢查...
[2026-02-14T23:55:04.814Z] [INFO] 檢查完成，耗時 244ms，狀態: 正常
[2026-02-15T00:00:58.988Z] [INFO] 開始健康檢查...
[2026-02-15T00:00:59.231Z] [INFO] 檢查完成，耗時 242ms，狀態: 正常
[2026-02-15T00:05:05.569Z] [INFO] 開始健康檢查...
[2026-02-15T00:05:05.804Z] [INFO] 檢查完成，耗時 234ms，狀態: 正常
[2026-02-15T00:10:05.752Z] [INFO] 開始健康檢查...
[2026-02-15T00:10:05.996Z] [INFO] 檢查完成，耗時 242ms，狀態: 正常
[2026-02-15T00:15:05.687Z] [INFO] 開始健康檢查...
[2026-02-15T00:15:05.929Z] [INFO] 檢查完成，耗時 241ms，狀態: 正常
[2026-02-15T00:20:05.821Z] [INFO] 開始健康檢查...
[2026-02-15T00:20:06.065Z] [INFO] 檢查完成，耗時 243ms，狀態: 正常
[2026-02-15T00:25:05.763Z] [INFO] 開始健康檢查...
[2026-02-15T00:25:06.010Z] [INFO] 檢查完成，耗時 246ms，狀態: 正常
[2026-02-15T00:31:05.274Z] [INFO] 開始健康檢查...
[2026-02-15T00:31:05.516Z] [INFO] 檢查完成，耗時 241ms，狀態: 正常
[2026-02-15T00:35:13.883Z] [INFO] 開始健康檢查...
[2026-02-15T00:35:14.131Z] [INFO] 檢查完成，耗時 247ms，狀態: 正常
[2026-02-15T00:40:04.732Z] [INFO] 開始健康檢查...
[2026-02-15T00:40:04.978Z] [INFO] 檢查完成，耗時 244ms，狀態: 正常
[2026-02-15T00:45:05.455Z] [INFO] 開始健康檢查...
[2026-02-15T00:45:05.702Z] [INFO] 檢查完成，耗時 245ms，狀態: 正常
[2026-02-15T00:50:06.944Z] [INFO] 開始健康檢查...
[2026-02-15T00:50:07.190Z] [INFO] 檢查完成，耗時 245ms，狀態: 正常
[2026-02-15T00:55:05.640Z] [INFO] 開始健康檢查...
[2026-02-15T00:55:05.887Z] [INFO] 檢查完成，耗時 245ms，狀態: 正常
[2026-02-15T01:01:44.393Z] [INFO] 開始健康檢查...
[2026-02-15T01:01:44.639Z] [INFO] 檢查完成，耗時 245ms，狀態: 正常
[2026-02-15T01:05:09.801Z] [INFO] 開始健康檢查...
[2026-02-15T01:05:10.047Z] [INFO] 檢查完成，耗時 245ms，狀態: 正常
[2026-02-15T01:10:06.069Z] [INFO] 開始健康檢查...
[2026-02-15T01:10:06.353Z] [INFO] 檢查完成，耗時 282ms，狀態: 正常
[2026-02-15T01:15:05.473Z] [INFO] 開始健康檢查...
[2026-02-15T01:15:05.728Z] [INFO] 檢查完成，耗時 254ms，狀態: 正常
[2026-02-15T01:20:05.600Z] [INFO] 開始健康檢查...
[2026-02-15T01:20:05.848Z] [INFO] 檢查完成，耗時 246ms，狀態: 正常
[2026-02-15T01:25:06.201Z] [INFO] 開始健康檢查...
[2026-02-15T01:25:06.452Z] [INFO] 檢查完成，耗時 249ms，狀態: 正常
[2026-02-15T01:30:43.502Z] [INFO] 開始健康檢查...
[2026-02-15T01:30:43.752Z] [INFO] 檢查完成，耗時 249ms，狀態: 正常
[2026-02-15T01:35:04.484Z] [INFO] 開始健康檢查...
[2026-02-15T01:35:04.739Z] [INFO] 檢查完成，耗時 254ms，狀態: 正常
[2026-02-15T01:40:05.736Z] [INFO] 開始健康檢查...
[2026-02-15T01:40:05.984Z] [INFO] 檢查完成，耗時 247ms，狀態: 正常
[2026-02-15T01:45:05.254Z] [INFO] 開始健康檢查...
[2026-02-15T01:45:05.500Z] [INFO] 檢查完成，耗時 245ms，狀態: 正常
[2026-02-15T01:50:05.268Z] [INFO] 開始健康檢查...
[2026-02-15T01:50:05.516Z] [INFO] 檢查完成，耗時 247ms，狀態: 正常
[2026-02-15T01:55:06.264Z] [INFO] 開始健康檢查...
[2026-02-15T01:55:06.511Z] [INFO] 檢查完成，耗時 246ms，狀態: 正常
[2026-02-15T02:00:43.745Z] [INFO] 開始健康檢查...
[2026-02-15T02:00:43.998Z] [INFO] 檢查完成，耗時 251ms，狀態: 正常
[2026-02-15T02:05:06.546Z] [INFO] 開始健康檢查...
[2026-02-15T02:05:06.786Z] [INFO] 檢查完成，耗時 239ms，狀態: 正常
[2026-02-15T02:10:06.060Z] [INFO] 開始健康檢查...
[2026-02-15T02:10:06.306Z] [INFO] 檢查完成，耗時 245ms，狀態: 正常
[2026-02-15T02:15:06.978Z] [INFO] 開始健康檢查...
[2026-02-15T02:15:07.225Z] [INFO] 檢查完成，耗時 245ms，狀態: 正常
[2026-02-15T02:20:05.416Z] [INFO] 開始健康檢查...
[2026-02-15T02:20:05.666Z] [INFO] 檢查完成，耗時 248ms，狀態: 正常
[2026-02-15T02:25:06.016Z] [INFO] 開始健康檢查...
[2026-02-15T02:25:06.264Z] [INFO] 檢查完成，耗時 247ms，狀態: 正常
[2026-02-15T02:30:20.522Z] [INFO] 開始健康檢查...
[2026-02-15T02:30:20.770Z] [INFO] 檢查完成，耗時 246ms，狀態: 正常
[2026-02-15T02:35:04.866Z] [INFO] 開始健康檢查...
[2026-02-15T02:35:05.116Z] [INFO] 檢查完成，耗時 249ms，狀態: 正常
[2026-02-15T02:40:22.204Z] [INFO] 開始健康檢查...
[2026-02-15T02:40:22.453Z] [INFO] 檢查完成，耗時 248ms，狀態: 正常
[2026-02-15T02:45:05.431Z] [INFO] 開始健康檢查...
[2026-02-15T02:45:05.688Z] [INFO] 檢查完成，耗時 255ms，狀態: 正常
[2026-02-15T02:50:06.133Z] [INFO] 開始健康檢查...
[2026-02-15T02:50:06.389Z] [INFO] 檢查完成，耗時 255ms，狀態: 正常
[2026-02-15T02:55:05.912Z] [INFO] 開始健康檢查...
[2026-02-15T02:55:06.161Z] [INFO] 檢查完成，耗時 247ms，狀態: 正常
[2026-02-15T03:00:48.315Z] [INFO] 開始健康檢查...
[2026-02-15T03:00:48.569Z] [INFO] 檢查完成，耗時 252ms，狀態: 正常
[2026-02-15T03:05:05.863Z] [INFO] 開始健康檢查...
[2026-02-15T03:05:06.114Z] [INFO] 檢查完成，耗時 250ms，狀態: 正常
[2026-02-15T03:10:07.744Z] [INFO] 開始健康檢查...
[2026-02-15T03:10:07.993Z] [INFO] 檢查完成，耗時 248ms，狀態: 正常
[2026-02-15T03:15:04.823Z] [INFO] 開始健康檢查...
[2026-02-15T03:15:05.073Z] [INFO] 檢查完成，耗時 248ms，狀態: 正常
[2026-02-15T03:20:05.647Z] [INFO] 開始健康檢查...
[2026-02-15T03:20:05.896Z] [INFO] 檢查完成，耗時 248ms，狀態: 正常
[2026-02-15T03:25:05.972Z] [INFO] 開始健康檢查...
[2026-02-15T03:25:06.228Z] [INFO] 檢查完成，耗時 254ms，狀態: 正常
[2026-02-15T03:30:42.520Z] [INFO] 開始健康檢查...
[2026-02-15T03:30:42.772Z] [INFO] 檢查完成，耗時 251ms，狀態: 正常
[2026-02-15T03:35:04.605Z] [INFO] 開始健康檢查...
[2026-02-15T03:35:04.854Z] [INFO] 檢查完成，耗時 248ms，狀態: 正常
[2026-02-15T03:40:18.664Z] [INFO] 開始健康檢查...
[2026-02-15T03:40:18.935Z] [INFO] 檢查完成，耗時 270ms，狀態: 正常
[2026-02-15T03:45:06.406Z] [INFO] 開始健康檢查...
[2026-02-15T03:45:06.656Z] [INFO] 檢查完成，耗時 249ms，狀態: 正常
[2026-02-15T03:50:07.474Z] [INFO] 開始健康檢查...
[2026-02-15T03:50:07.724Z] [INFO] 檢查完成，耗時 249ms，狀態: 正常
[2026-02-15T03:55:10.384Z] [INFO] 開始健康檢查...
[2026-02-15T03:55:10.634Z] [INFO] 檢查完成，耗時 248ms，狀態: 正常
[2026-02-15T04:00:26.442Z] [INFO] 開始健康檢查...
[2026-02-15T04:00:26.694Z] [INFO] 檢查完成，耗時 250ms，狀態: 正常
[2026-02-15T04:05:06.158Z] [INFO] 開始健康檢查...
[2026-02-15T04:05:06.411Z] [INFO] 檢查完成，耗時 251ms，狀態: 正常
[2026-02-15T04:10:06.739Z] [INFO] 開始健康檢查...
[2026-02-15T04:10:06.997Z] [INFO] 檢查完成，耗時 256ms，狀態: 正常
[2026-02-15T04:15:04.391Z] [INFO] 開始健康檢查...
[2026-02-15T04:15:04.649Z] [INFO] 檢查完成，耗時 257ms，狀態: 正常
[2026-02-15T04:20:05.269Z] [INFO] 開始健康檢查...
[2026-02-15T04:20:05.521Z] [INFO] 檢查完成，耗時 251ms，狀態: 正常
[2026-02-15T04:25:04.709Z] [INFO] 開始健康檢查...
[2026-02-15T04:25:04.950Z] [INFO] 檢查完成，耗時 240ms，狀態: 正常
[2026-02-15T04:31:04.386Z] [INFO] 開始健康檢查...
[2026-02-15T04:31:04.635Z] [INFO] 檢查完成，耗時 248ms，狀態: 正常
[2026-02-15T04:35:08.938Z] [INFO] 開始健康檢查...
[2026-02-15T04:35:09.202Z] [INFO] 檢查完成，耗時 262ms，狀態: 正常
[2026-02-15T04:40:06.430Z] [INFO] 開始健康檢查...
[2026-02-15T04:40:06.687Z] [INFO] 檢查完成，耗時 255ms，狀態: 正常
[2026-02-15T04:45:03.924Z] [INFO] 開始健康檢查...
[2026-02-15T04:45:04.178Z] [INFO] 檢查完成，耗時 253ms，狀態: 正常
[2026-02-15T04:50:03.536Z] [INFO] 開始健康檢查...
[2026-02-15T04:50:03.788Z] [INFO] 檢查完成，耗時 251ms，狀態: 正常
[2026-02-15T04:55:05.569Z] [INFO] 開始健康檢查...
[2026-02-15T04:55:05.820Z] [INFO] 檢查完成，耗時 250ms，狀態: 正常
[2026-02-15T05:00:27.265Z] [INFO] 開始健康檢查...
[2026-02-15T05:00:27.523Z] [INFO] 檢查完成，耗時 256ms，狀態: 正常
[2026-02-15T05:05:04.468Z] [INFO] 開始健康檢查...
[2026-02-15T05:05:04.728Z] [INFO] 檢查完成，耗時 258ms，狀態: 正常
[2026-02-15T05:10:05.821Z] [INFO] 開始健康檢查...
[2026-02-15T05:10:06.073Z] [INFO] 檢查完成，耗時 251ms，狀態: 正常
[2026-02-15T05:15:06.634Z] [INFO] 開始健康檢查...
[2026-02-15T05:15:06.885Z] [INFO] 檢查完成，耗時 250ms，狀態: 正常
[2026-02-15T05:20:05.184Z] [INFO] 開始健康檢查...
[2026-02-15T05:20:05.441Z] [INFO] 檢查完成，耗時 256ms，狀態: 正常
[2026-02-15T05:25:05.857Z] [INFO] 開始健康檢查...
[2026-02-15T05:25:06.109Z] [INFO] 檢查完成，耗時 251ms，狀態: 正常
[2026-02-15T05:35:04.637Z] [INFO] 開始健康檢查...
[2026-02-15T05:35:04.891Z] [INFO] 檢查完成，耗時 253ms，狀態: 正常
[2026-02-15T05:40:06.355Z] [INFO] 開始健康檢查...
[2026-02-15T05:40:06.608Z] [INFO] 檢查完成，耗時 252ms，狀態: 正常
[2026-02-15T05:45:04.426Z] [INFO] 開始健康檢查...
[2026-02-15T05:45:04.678Z] [INFO] 檢查完成，耗時 250ms，狀態: 正常
[2026-02-15T05:50:05.668Z] [INFO] 開始健康檢查...
[2026-02-15T05:50:05.922Z] [INFO] 檢查完成，耗時 252ms，狀態: 正常
[2026-02-15T05:55:05.030Z] [INFO] 開始健康檢查...
[2026-02-15T05:55:05.272Z] [INFO] 檢查完成，耗時 241ms，狀態: 正常
[2026-02-15T06:01:03.995Z] [INFO] 開始健康檢查...
[2026-02-15T06:01:04.251Z] [INFO] 檢查完成，耗時 255ms，狀態: 正常
[2026-02-15T06:05:04.090Z] [INFO] 開始健康檢查...
[2026-02-15T06:05:04.334Z] [INFO] 檢查完成，耗時 243ms，狀態: 正常
[2026-02-15T06:10:22.251Z] [INFO] 開始健康檢查...
[2026-02-15T06:10:22.502Z] [INFO] 檢查完成，耗時 250ms，狀態: 正常
[2026-02-15T06:15:20.595Z] [INFO] 開始健康檢查...
[2026-02-15T06:15:20.848Z] [INFO] 檢查完成，耗時 252ms，狀態: 正常
[2026-02-15T06:20:07.310Z] [INFO] 開始健康檢查...
[2026-02-15T06:20:07.563Z] [INFO] 檢查完成，耗時 252ms，狀態: 正常
[2026-02-15T06:25:04.652Z] [INFO] 開始健康檢查...
[2026-02-15T06:25:04.896Z] [INFO] 檢查完成，耗時 242ms，狀態: 正常
[2026-02-15T06:30:23.636Z] [INFO] 開始健康檢查...
[2026-02-15T06:30:23.889Z] [INFO] 檢查完成，耗時 252ms，狀態: 正常
