[2026-03-31 04:57:01 UTC] [INFO] Heartbeat written: ally at 2026-03-31T04:57:01Z (task: 測試緊Failover功能, Kimi: completed)
[2026-03-31 04:58:01 UTC] [INFO] Heartbeat written: ally at 2026-03-31T04:58:01Z (task: 測試緊Failover功能, Kimi: completed)
[2026-03-31 04:59:01 UTC] [INFO] Heartbeat written: ally at 2026-03-31T04:59:01Z (task: 測試緊Failover功能, Kimi: completed)
[2026-03-31 04:59:55 UTC] [INFO] Heartbeat written: ally at 2026-03-31T04:59:55Z (task: 測試緊Failover功能, Kimi: completed)
[2026-03-31 05:00:00 UTC] [INFO] Heartbeat written: ally at 2026-03-31T05:00:00Z (task: 測試緊Failover功能, Kimi: completed)
[2026-03-31 05:01:00 UTC] [INFO] Heartbeat written: ally at 2026-03-31T05:01:00Z (task: 測試緊Failover功能, Kimi: completed)
[2026-03-31 05:02:00 UTC] [INFO] Heartbeat written: ally at 2026-03-31T05:02:00Z (task: 測試緊Failover功能, Kimi: idle)
[2026-03-31 05:03:00 UTC] [INFO] Heartbeat written: ally at 2026-03-31T05:03:00Z (task: 測試緊Failover功能, Kimi: idle)
[2026-03-31 05:04:01 UTC] [INFO] Heartbeat written: ally at 2026-03-31T05:04:00Z (task: 測試緊Failover功能, Kimi: idle)
[2026-03-31 05:05:01 UTC] [INFO] Heartbeat written: ally at 2026-03-31T05:05:00Z (task: 測試緊Failover功能, Kimi: idle)
[2026-03-31 05:06:01 UTC] [INFO] Heartbeat written: ally at 2026-03-31T05:06:00Z (task: 測試緊Failover功能, Kimi: idle)
[2026-03-31 05:06:20 UTC] [INFO] Heartbeat written: ally at 2026-03-31T05:06:20Z (task: 測試緊Failover功能, Kimi: idle)
[2026-03-31 05:06:59 UTC] [INFO] Heartbeat written: ally at 2026-03-31T05:06:59Z (task: 測試緊Failover功能, Kimi: completed)
[2026-03-31 05:07:01 UTC] [INFO] Heartbeat written: ally at 2026-03-31T05:07:00Z (task: 測試緊Failover功能, Kimi: completed)
[2026-03-31 05:07:01 UTC] [INFO] Heartbeat written: ally at 2026-03-31T05:07:01Z (task: 測試緊Failover功能, Kimi: completed)
[2026-03-31 05:07:04 UTC] [ERROR] NODE_ID 環境變量未設定！請設定 NODE_ID 後再運行。
[2026-03-31 05:08:01 UTC] [INFO] Heartbeat written: ally at 2026-03-31T05:08:01Z (task: 測試緊Failover功能, Kimi: completed)
[2026-03-31 05:08:22 UTC] [INFO] Heartbeat written: ally at 2026-03-31T05:08:22Z (task: 測試緊Failover功能, Kimi: completed)
[2026-03-31 05:08:28 UTC] [INFO] Heartbeat written: ally at 2026-03-31T05:08:28Z (task: Test with "quotes" and \ backslash, Kimi: completed)
[2026-03-31 05:08:29 UTC] [ERROR] NODE_ID 環境變量未設定！請設定 NODE_ID 後再運行。
[2026-03-31 05:09:00 UTC] [INFO] Heartbeat written: ally at 2026-03-31T05:09:00Z (task: 測試緊Failover功能, Kimi: running)
[2026-03-31 05:10:00 UTC] [INFO] Heartbeat written: ally at 2026-03-31T05:10:00Z (task: 測試緊Failover功能, Kimi: running)
[2026-03-31 05:10:39 UTC] [INFO] Heartbeat written: ally at 2026-03-31T05:10:38Z (task: 測試緊Failover功能, Kimi: completed)
[2026-03-31 05:10:39 UTC] [INFO] Heartbeat written: ally at 2026-03-31T05:10:39Z (task: 測試緊Failover功能, Kimi: running)
[2026-03-31 05:11:00 UTC] [INFO] Heartbeat written: ally at 2026-03-31T05:11:00Z (task: 測試緊Failover功能, Kimi: running)
[2026-03-31 05:11:44 UTC] [INFO] Heartbeat written: ally at 2026-03-31T05:11:44Z (task: 測試緊Failover功能, Kimi: running)
[2026-03-31 05:11:48 UTC] [ERROR] NODE_ID 環境變量未設定！請設定 NODE_ID 後再運行。
[2026-03-31 05:11:50 UTC] [INFO] Heartbeat written: ally at 2026-03-31T05:11:50Z (task: Task with "quotes" and \ backslash and newline\n, Kimi: running)
[2026-03-31 05:11:52 UTC] [INFO] Heartbeat written: ally at 2026-03-31T05:11:52Z (task: 測試緊Failover功能, Kimi: running)
[2026-03-31 05:12:01 UTC] [INFO] Heartbeat written: ally at 2026-03-31T05:12:00Z (task: 測試緊Failover功能, Kimi: running)
[2026-03-31 05:12:04 UTC] [INFO] Heartbeat written: ally at 2026-03-31T05:12:04Z (task: 測試緊Failover功能, Kimi: running)
