/bin/sh: node: command not found
/bin/sh: node: command not found
/bin/sh: node: command not found
/bin/sh: node: command not found
/bin/sh: node: command not found
/bin/sh: node: command not found
/bin/sh: node: command not found
/bin/sh: node: command not found
/bin/sh: node: command not found
/bin/sh: node: command not found
/bin/sh: node: command not found
/bin/sh: node: command not found
/bin/sh: node: command not found

════════════════════════════════════════════════════════════
  📊 Pattern Analysis Daily Run
════════════════════════════════════════════════════════════

[pattern_analysis_daily] Time: 17/4/2026 上午4:00:00
[pattern_analysis_daily] 
[pattern_analysis_daily] Running: pattern_error_tracker...
🔍 === Pattern Error Tracker ===

[pattern_error_tracker] Starting error pattern analysis...
[pattern_error_tracker] Dry run: NO
[pattern_error_tracker] 📂 Found 1255 memory files

📊 Results:
   Total error types: 12
   • L0 timeout: 344 occurrences (2026-03-17 ~ 2026-04-17)
   • Generic error: 189 occurrences (2026-03-17 ~ 2026-04-16)
   • Memory error: 115 occurrences (2026-03-18 ~ 2026-04-17)
   • JSON parse error: 82 occurrences (2026-03-29 ~ 2026-04-17)
   • Operation failed: 68 occurrences (2026-03-17 ~ 2026-04-02)
   • Process error: 52 occurrences (2026-03-24 ~ 2026-04-02)
   • Syntax error: 28 occurrences (2026-03-17 ~ 2026-04-14)
   • Not found error: 21 occurrences (2026-03-30 ~ 2026-04-17)
   • Warning: 4 occurrences (2026-04-07 ~ 2026-04-09)
   • Network error: 2 occurrences (2026-04-12 ~ 2026-04-13)
   • File error: 2 occurrences (2026-04-13 ~ 2026-04-15)
   • API error: 1 occurrences (2026-03-24 ~ 2026-03-24)

📝 Top error examples:
   "2026-03-17: - increase_timeout: 檢查 cron timeout 設定..."
   "2026-03-18: - * [上午11:31] [事件: 2026-03-16 | 記錄: 2026-03-18] [MAIN]: {   "timeout..."
[pattern_error_tracker] 
✅ Written to /Users/ally/.openclaw/workspace/memory/patterns/errors.json
[pattern_analysis_daily] ✅ pattern_error_tracker completed
[pattern_analysis_daily] Running: pattern_topic_graph...
🔍 === Pattern Topic Graph ===

[pattern_topic_graph] Starting topic relationship analysis...
[pattern_topic_graph] Dry run: NO
[pattern_topic_graph] 📂 Found 1255 memory files

📊 Topic Nodes:
   🔵 system: 944 mentions (2026-03-17 ~ 2026-04-17)
   🔵 memory: 598 mentions (2026-03-18 ~ 2026-04-17)
   🔵 coding: 596 mentions (2026-03-18 ~ 2026-04-17)
   🔵 discord: 433 mentions (2026-03-17 ~ 2026-04-17)
   🔵 error: 398 mentions (2026-03-17 ~ 2026-04-17)
   🔵 stock: 273 mentions (2026-03-18 ~ 2026-04-14)
   🔵 review: 253 mentions (2026-03-18 ~ 2026-04-17)
   🔵 project: 226 mentions (2026-03-17 ~ 2026-04-17)
   🔵 github: 189 mentions (2026-03-21 ~ 2026-04-17)
   🔵 apple: 133 mentions (2026-03-19 ~ 2026-04-17)
   🔵 browser: 27 mentions (2026-03-26 ~ 2026-04-13)
   🔵 finance: 7 mentions (2026-03-24 ~ 2026-04-12)

🔗 Topic Relationships (Top 10):
   coding → system (weight: 214)
   memory → system (weight: 176)
   stock → system (weight: 169)
   memory → coding (weight: 168)
   system → coding (weight: 166)
   system → memory (weight: 161)
   error → system (weight: 139)
   project → system (weight: 129)
   error → coding (weight: 121)
   coding → github (weight: 117)

📊 Summary:
   Total topics: 12
   Total relationships: 104
[pattern_topic_graph] 
✅ Written to /Users/ally/.openclaw/workspace/memory/patterns/topic-graph.json
[pattern_analysis_daily] ✅ pattern_topic_graph completed
[pattern_analysis_daily] Running: pattern_project_tracker...
🔍 === Pattern Project Tracker ===

[pattern_project_tracker] Starting project tracking analysis...
[pattern_project_tracker] Dry run: NO
[pattern_project_tracker] 📂 Found 1255 memory files
[pattern_project_tracker] 📂 Found 12 active issues

📊 Results:
   Total projects tracked: 4
   🔄 Wiki Bridge Mode - 改為 Isolated Mode
      Discussions: 21 | Last: 2026-04-10 | Status: active
   🔄 FDQ 系統使用率觀察
      Discussions: 8 | Last: 2026-04-16 | Status: active
   🔄 RapNet Weekly AI Summary 自動化觀察
      Discussions: 6 | Last: 2026-04-16 | Status: active
   🔄 L0/L1 Quality - 每日摘要質素提升
      Discussions: 2 | Last: 2026-04-16 | Status: active
[pattern_project_tracker] 
✅ Written to /Users/ally/.openclaw/workspace/memory/patterns/projects.json
[pattern_analysis_daily] ✅ pattern_project_tracker completed
[pattern_analysis_daily] Running: pattern_periodic_tagger...
🔍 === Pattern Periodic Tagger ===

[pattern_periodic_tagger] Starting periodic pattern analysis...
[pattern_periodic_tagger] Dry run: NO
[pattern_periodic_tagger] 📂 Found 1255 memory files
[pattern_periodic_tagger] 📅 Date range: 2026-03-17 to 2026-04-17 (31 days)

📊 Results:
   Total patterns found: 20
   📌 每週Wednesday討論system相關
      Confidence: 100% | Occurrences: 212
   📌 每週Wednesday討論memory相關
      Confidence: 100% | Occurrences: 212
   📌 discord 經常與 project 一起討論
      Confidence: 100% | Occurrences: 77
   📌 discord 經常與 system 一起討論
      Confidence: 100% | Occurrences: 155
   📌 project 經常與 system 一起討論
      Confidence: 100% | Occurrences: 188
   📌 memory 經常與 system 一起討論
      Confidence: 100% | Occurrences: 481
   📌 coding 經常與 project 一起討論
      Confidence: 100% | Occurrences: 113
   📌 coding 經常與 review 一起討論
      Confidence: 100% | Occurrences: 72
   📌 coding 經常與 stock 一起討論
      Confidence: 100% | Occurrences: 83
   📌 project 經常與 review 一起討論
      Confidence: 100% | Occurrences: 15
   📌 project 經常與 stock 一起討論
      Confidence: 100% | Occurrences: 71
   📌 stock 經常與 system 一起討論
      Confidence: 100% | Occurrences: 192
   📌 discord 經常與 stock 一起討論
      Confidence: 100% | Occurrences: 113
   📌 apple 經常與 discord 一起討論
      Confidence: 100% | Occurrences: 11
   📌 apple 經常與 project 一起討論
      Confidence: 100% | Occurrences: 33
   📌 apple 經常與 stock 一起討論
      Confidence: 100% | Occurrences: 12
   📌 apple 經常與 system 一起討論
      Confidence: 100% | Occurrences: 74
   📌 coding 經常與 system 一起討論
      Confidence: 100% | Occurrences: 499
   📌 github 經常與 review 一起討論
      Confidence: 100% | Occurrences: 54
   📌 github 經常與 stock 一起討論
      Confidence: 100% | Occurrences: 5
[pattern_periodic_tagger] 
✅ Written to /Users/ally/.openclaw/workspace/memory/patterns/periodic.json
[pattern_analysis_daily] ✅ pattern_periodic_tagger completed
[pattern_analysis_daily] 
[pattern_analysis_daily] Running: cross_session_context...
╔════════════════════════════════════════════════════════╗
║           跨 Session 分析摘要                          ║
║           Generated: 2026-04-17 04:00:01 HKT          ║
╚════════════════════════════════════════════════════════╝

📊 問題規律追蹤 (errors.json)
────────────────────────────────────────────────────────
  - L0 timeout：出現 344 次 | 上次：2026-04-17
  - Generic error：出現 189 次 | 上次：2026-04-16
  - Memory error：出現 115 次 | 上次：2026-04-17
  - JSON parse error：出現 82 次 | 上次：2026-04-17
  - Operation failed：出現 68 次 | 上次：2026-04-02
  - Process error：出現 52 次 | 上次：2026-04-02
  - Syntax error：出現 28 次 | 上次：2026-04-14
  - Not found error：出現 21 次 | 上次：2026-04-17
  - Warning：出現 4 次 | 上次：2026-04-09
  - Network error：出現 2 次 | 上次：2026-04-13

📁 項目追蹤 (projects.json)
────────────────────────────────────────────────────────
  📌 Wiki Bridge Mode - 改為 Isolated Mode (#100) | P2 | 進度: 0/3 | 2026-04-10
  📌 FDQ 系統使用率觀察 (#095) | P2 | 進度: 0/0 | 2026-04-16
  📌 RapNet Weekly AI Summary 自動化觀察 (#101) | P2 | 進度: 0/0 | 2026-04-16
  📌 L0/L1 Quality - 每日摘要質素提升 (#102) | P2 | 進度: 0/0 | 2026-04-16

📅 週期性模式 (periodic.json)
────────────────────────────────────────────────────────
  每週週三：討論 system 相關
  每週週三：討論 memory 相關

🔗 Topic 關聯圖 (topic-graph.json)
────────────────────────────────────────────────────────
  「coding」↔ 「system」 (214 次共現)
  「memory」↔ 「system」 (176 次共現)
  「stock」↔ 「system」 (169 次共現)
  「memory」↔ 「coding」 (168 次共現)
  「system」↔ 「coding」 (166 次共現)

  📊 共 12 個 Topic，104 條關聯

──────────────────────────────────────────────────────────────
💡 提示：運行 `node scripts/cross_session_bootstrap.js` 可生成
   可載入的 context（寫入 .cross_session_context.md）
[pattern_analysis_daily] ✅ cross_session_context completed

════════════════════════════════════════════════════════════
  📈 Analysis Summary
════════════════════════════════════════════════════════════

Total scripts: 5
✅ Success: 5
⚠️ Failed: 0
Duration: 1.1s

[pattern_analysis_daily] ✅ Pattern analysis daily run completed

════════════════════════════════════════════════════════════
  📊 Pattern Analysis Daily Run
════════════════════════════════════════════════════════════

[pattern_analysis_daily] Time: 2026-04-18, 04:00:00
[pattern_analysis_daily] 
[pattern_analysis_daily] Running: pattern_error_tracker...
🔍 === Pattern Error Tracker ===

[pattern_error_tracker] Starting error pattern analysis...
[pattern_error_tracker] Dry run: NO
[pattern_error_tracker] 📂 Found 1268 memory files

📊 Results:
   Total error types: 12
   • L0 timeout: 345 occurrences (2026-03-18 ~ 2026-04-18)
   • Generic error: 184 occurrences (2026-03-18 ~ 2026-04-18)
   • Memory error: 121 occurrences (2026-03-18 ~ 2026-04-17)
   • JSON parse error: 83 occurrences (2026-03-29 ~ 2026-04-17)
   • Process error: 52 occurrences (2026-03-24 ~ 2026-04-02)
   • Operation failed: 38 occurrences (2026-03-24 ~ 2026-04-02)
   • Syntax error: 27 occurrences (2026-03-31 ~ 2026-04-14)
   • File error: 25 occurrences (2026-04-13 ~ 2026-04-18)
   • Not found error: 21 occurrences (2026-03-30 ~ 2026-04-17)
   • Warning: 4 occurrences (2026-04-07 ~ 2026-04-09)
   • Network error: 2 occurrences (2026-04-12 ~ 2026-04-13)
   • API error: 1 occurrences (2026-03-24 ~ 2026-03-24)

📝 Top error examples:
   "2026-03-18: - * [上午11:31] [事件: 2026-03-16 | 記錄: 2026-03-18] [MAIN]: {   "timeout..."
   "2026-03-18: - * [下午12:01] [事件: 2026-03-16 | 記錄: 2026-03-18] [MAIN]: {   "timeout..."
[pattern_error_tracker] 
✅ Written to /Users/ally/.openclaw/workspace/memory/patterns/errors.json
[pattern_analysis_daily] ✅ pattern_error_tracker completed
[pattern_analysis_daily] Running: pattern_topic_graph...
🔍 === Pattern Topic Graph ===

[pattern_topic_graph] Starting topic relationship analysis...
[pattern_topic_graph] Dry run: NO
[pattern_topic_graph] 📂 Found 1268 memory files

📊 Topic Nodes:
   🔵 system: 949 mentions (2026-03-18 ~ 2026-04-18)
   🔵 coding: 641 mentions (2026-03-18 ~ 2026-04-18)
   🔵 memory: 617 mentions (2026-03-18 ~ 2026-04-18)
   🔵 discord: 453 mentions (2026-03-19 ~ 2026-04-18)
   🔵 error: 398 mentions (2026-03-18 ~ 2026-04-18)
   🔵 stock: 280 mentions (2026-03-18 ~ 2026-04-17)
   🔵 review: 254 mentions (2026-03-18 ~ 2026-04-18)
   🔵 project: 250 mentions (2026-03-18 ~ 2026-04-18)
   🔵 github: 215 mentions (2026-03-21 ~ 2026-04-18)
   🔵 apple: 139 mentions (2026-03-19 ~ 2026-04-17)
   🔵 browser: 27 mentions (2026-03-26 ~ 2026-04-13)
   🔵 finance: 14 mentions (2026-03-24 ~ 2026-04-17)

🔗 Topic Relationships (Top 10):
   coding → system (weight: 221)
   memory → system (weight: 186)
   memory → coding (weight: 180)
   stock → system (weight: 176)
   system → coding (weight: 167)
   system → memory (weight: 164)
   error → system (weight: 145)
   system → discord (weight: 134)
   project → system (weight: 128)
   error → coding (weight: 121)

📊 Summary:
   Total topics: 12
   Total relationships: 106
[pattern_topic_graph] 
✅ Written to /Users/ally/.openclaw/workspace/memory/patterns/topic-graph.json
[pattern_analysis_daily] ✅ pattern_topic_graph completed
[pattern_analysis_daily] Running: pattern_project_tracker...
🔍 === Pattern Project Tracker ===

[pattern_project_tracker] Starting project tracking analysis...
[pattern_project_tracker] Dry run: NO
[pattern_project_tracker] 📂 Found 1268 memory files
[pattern_project_tracker] 📂 Found 12 active issues

📊 Results:
   Total projects tracked: 4
   🔄 Wiki Bridge Mode - 改為 Isolated Mode
      Discussions: 21 | Last: 2026-04-10 | Status: active
   🔄 FDQ 系統使用率觀察
      Discussions: 8 | Last: 2026-04-16 | Status: active
   🔄 RapNet Weekly AI Summary 自動化觀察
      Discussions: 6 | Last: 2026-04-16 | Status: active
   🔄 L0/L1 Quality - 每日摘要質素提升
      Discussions: 2 | Last: 2026-04-16 | Status: active
[pattern_project_tracker] 
✅ Written to /Users/ally/.openclaw/workspace/memory/patterns/projects.json
[pattern_analysis_daily] ✅ pattern_project_tracker completed
[pattern_analysis_daily] Running: pattern_periodic_tagger...
🔍 === Pattern Periodic Tagger ===

[pattern_periodic_tagger] Starting periodic pattern analysis...
[pattern_periodic_tagger] Dry run: NO
[pattern_periodic_tagger] 📂 Found 1268 memory files
[pattern_periodic_tagger] 📅 Date range: 2026-03-18 to 2026-04-18 (31 days)

📊 Results:
   Total patterns found: 20
   📌 每週Wednesday討論system相關
      Confidence: 100% | Occurrences: 212
   📌 每週Wednesday討論memory相關
      Confidence: 100% | Occurrences: 212
   📌 memory 經常與 system 一起討論
      Confidence: 100% | Occurrences: 500
   📌 coding 經常與 project 一起討論
      Confidence: 100% | Occurrences: 140
   📌 coding 經常與 review 一起討論
      Confidence: 100% | Occurrences: 72
   📌 coding 經常與 stock 一起討論
      Confidence: 100% | Occurrences: 90
   📌 project 經常與 review 一起討論
      Confidence: 100% | Occurrences: 15
   📌 project 經常與 stock 一起討論
      Confidence: 100% | Occurrences: 72
   📌 project 經常與 system 一起討論
      Confidence: 100% | Occurrences: 189
   📌 stock 經常與 system 一起討論
      Confidence: 100% | Occurrences: 199
   📌 discord 經常與 project 一起討論
      Confidence: 100% | Occurrences: 76
   📌 discord 經常與 stock 一起討論
      Confidence: 100% | Occurrences: 119
   📌 discord 經常與 system 一起討論
      Confidence: 100% | Occurrences: 175
   📌 apple 經常與 discord 一起討論
      Confidence: 100% | Occurrences: 17
   📌 apple 經常與 project 一起討論
      Confidence: 100% | Occurrences: 33
   📌 apple 經常與 stock 一起討論
      Confidence: 100% | Occurrences: 18
   📌 apple 經常與 system 一起討論
      Confidence: 100% | Occurrences: 80
   📌 coding 經常與 system 一起討論
      Confidence: 100% | Occurrences: 521
   📌 github 經常與 review 一起討論
      Confidence: 100% | Occurrences: 54
   📌 github 經常與 stock 一起討論
      Confidence: 100% | Occurrences: 5
[pattern_periodic_tagger] 
✅ Written to /Users/ally/.openclaw/workspace/memory/patterns/periodic.json
[pattern_analysis_daily] ✅ pattern_periodic_tagger completed
[pattern_analysis_daily] 
[pattern_analysis_daily] Running: cross_session_context...
╔════════════════════════════════════════════════════════╗
║           跨 Session 分析摘要                          ║
║           Generated: 2026-04-18 04:00:01 HKT          ║
╚════════════════════════════════════════════════════════╝

📊 問題規律追蹤 (errors.json)
────────────────────────────────────────────────────────
  - L0 timeout：出現 345 次 | 上次：2026-04-18
  - Generic error：出現 184 次 | 上次：2026-04-18
  - Memory error：出現 121 次 | 上次：2026-04-17
  - JSON parse error：出現 83 次 | 上次：2026-04-17
  - Process error：出現 52 次 | 上次：2026-04-02
  - Operation failed：出現 38 次 | 上次：2026-04-02
  - Syntax error：出現 27 次 | 上次：2026-04-14
  - File error：出現 25 次 | 上次：2026-04-18
  - Not found error：出現 21 次 | 上次：2026-04-17
  - Warning：出現 4 次 | 上次：2026-04-09

📁 項目追蹤 (projects.json)
────────────────────────────────────────────────────────
  📌 Wiki Bridge Mode - 改為 Isolated Mode (#100) | P2 | 進度: 0/3 | 2026-04-10
  📌 FDQ 系統使用率觀察 (#095) | P2 | 進度: 0/0 | 2026-04-16
  📌 RapNet Weekly AI Summary 自動化觀察 (#101) | P2 | 進度: 0/0 | 2026-04-16
  📌 L0/L1 Quality - 每日摘要質素提升 (#102) | P2 | 進度: 0/0 | 2026-04-16

📅 週期性模式 (periodic.json)
────────────────────────────────────────────────────────
  每週週三：討論 system 相關
  每週週三：討論 memory 相關

🔗 Topic 關聯圖 (topic-graph.json)
────────────────────────────────────────────────────────
  「coding」↔ 「system」 (221 次共現)
  「memory」↔ 「system」 (186 次共現)
  「memory」↔ 「coding」 (180 次共現)
  「stock」↔ 「system」 (176 次共現)
  「system」↔ 「coding」 (167 次共現)

  📊 共 12 個 Topic，106 條關聯

──────────────────────────────────────────────────────────────
💡 提示：運行 `node scripts/cross_session_bootstrap.js` 可生成
   可載入的 context（寫入 .cross_session_context.md）
[pattern_analysis_daily] ✅ cross_session_context completed

════════════════════════════════════════════════════════════
  📈 Analysis Summary
════════════════════════════════════════════════════════════

Total scripts: 5
✅ Success: 5
⚠️ Failed: 0
Duration: 1.2s

[pattern_analysis_daily] ✅ Pattern analysis daily run completed
