[36m🔍 verify_fix.js — 驗證修復系統[0m

[2m   History: 29 條記錄[0m
[2m   Errors: 0 條錯誤[0m

[32m✅ 冇需要驗證的修復[0m
[2m   (所有修復已驗證，或距離修復不到 24 小時)[0m
[36m🔍 verify_fix.js — 驗證修復系統[0m

[2m   History: 50 條記錄[0m
[2m   Errors: 0 條錯誤[0m

[36m📋 開始驗證 23 條修復記錄...[0m

[2m🔍 驗證 FIX-006: scripts/lib/rules/system-audit.js[0m
[2m   Issue: 7 行有行尾空白[0m
[32m   ✅ 修復成功 — 24h 內無同類錯誤再出現[0m

[2m🔍 驗證 FIX-007: scripts/lib/helpers/try-catch-helpers-ast.js[0m
[2m   Issue: 72 行有行尾空白[0m
[32m   ✅ 修復成功 — 24h 內無同類錯誤再出現[0m

[2m🔍 驗證 FIX-008: scripts/lib/helpers/try-catch-helpers.js[0m
[2m   Issue: 14 行有行尾空白[0m
[32m   ✅ 修復成功 — 24h 內無同類錯誤再出現[0m

[2m🔍 驗證 FIX-009: scripts/rapnet_weekly.js[0m
[2m   Issue: 43 行有行尾空白[0m
[32m   ✅ 修復成功 — 24h 內無同類錯誤再出現[0m

[2m🔍 驗證 FIX-010: scripts/issue_reminders_sync.js[0m
[2m   Issue: 39 行有行尾空白[0m
[32m   ✅ 修復成功 — 24h 內無同類錯誤再出現[0m

[2m🔍 驗證 FIX-011: scripts/lib/analyzers/file-analyzer.js[0m
[2m   Issue: 9 行有行尾空白[0m
[32m   ✅ 修復成功 — 24h 內無同類錯誤再出現[0m

[2m🔍 驗證 FIX-012: scripts/lib/helpers/index.js[0m
[2m   Issue: 1 行有行尾空白[0m
[32m   ✅ 修復成功 — 24h 內無同類錯誤再出現[0m

[2m🔍 驗證 FIX-013: scripts/l0_l1_verify.js[0m
[2m   Issue: 1 處有 3+ 連續空行[0m
[32m   ✅ 修復成功 — 24h 內無同類錯誤再出現[0m

[2m🔍 驗證 FIX-014: scripts/tesseract_gia_ocr.js[0m
[2m   Issue: 13 行有行尾空白[0m
[32m   ✅ 修復成功 — 24h 內無同類錯誤再出現[0m

[2m🔍 驗證 FIX-015: scripts/memory_distiller.js[0m
[2m   Issue: 32 行有行尾空白[0m
[32m   ✅ 修復成功 — 24h 內無同類錯誤再出現[0m

[2m🔍 驗證 FIX-016: scripts/memory_distiller.js[0m
[2m   Issue: 2 處簡體中文[0m
[32m   ✅ 修復成功 — 24h 內無同類錯誤再出現[0m

[2m🔍 驗證 FIX-017: scripts/memory_sanitizer.js[0m
[2m   Issue: 41 行有行尾空白[0m
[32m   ✅ 修復成功 — 24h 內無同類錯誤再出現[0m

[2m🔍 驗證 FIX-018: scripts/smart_followup.js[0m
[2m   Issue: 1 行有行尾空白[0m
[32m   ✅ 修復成功 — 24h 內無同類錯誤再出現[0m

[2m🔍 驗證 FIX-019: scripts/date_tag_automation.js[0m
[2m   Issue: 52 行有行尾空白[0m
[32m   ✅ 修復成功 — 24h 內無同類錯誤再出現[0m

[2m🔍 驗證 FIX-020: scripts/date_tag_automation.js[0m
[2m   Issue: 檔案末尾缺少換行符[0m
[32m   ✅ 修復成功 — 24h 內無同類錯誤再出現[0m

[2m🔍 驗證 FIX-021: scripts/customer360.js[0m
[2m   Issue: 19 行有行尾空白[0m
[32m   ✅ 修復成功 — 24h 內無同類錯誤再出現[0m

[2m🔍 驗證 FIX-022: scripts/contact_manager.js[0m
[2m   Issue: 21 行有行尾空白[0m
[32m   ✅ 修復成功 — 24h 內無同類錯誤再出現[0m

[2m🔍 驗證 FIX-023: scripts/price_alert_system.js[0m
[2m   Issue: 1 行有行尾空白[0m
[32m   ✅ 修復成功 — 24h 內無同類錯誤再出現[0m

[2m🔍 驗證 FIX-024: scripts/price_history.js[0m
[2m   Issue: 24 行有行尾空白[0m
[32m   ✅ 修復成功 — 24h 內無同類錯誤再出現[0m

[2m🔍 驗證 FIX-025: scripts/vba_generator.js[0m
[2m   Issue: 21 行有行尾空白[0m
[32m   ✅ 修復成功 — 24h 內無同類錯誤再出現[0m

[2m🔍 驗證 FIX-026: scripts/weekly_session_cleanup.js[0m
[2m   Issue: 4 行有行尾空白[0m
[32m   ✅ 修復成功 — 24h 內無同類錯誤再出現[0m

[2m🔍 驗證 FIX-027: scripts/orchestrator.js[0m
[2m   Issue: 7 行有行尾空白[0m
[32m   ✅ 修復成功 — 24h 內無同類錯誤再出現[0m

[2m🔍 驗證 FIX-028: scripts/pure_audit_runner.js[0m
[2m   Issue: 1 行有行尾空白[0m
[32m   ✅ 修復成功 — 24h 內無同類錯誤再出現[0m


[36m═══════════════════════════════════════[0m
[1m📊 驗證結果摘要[0m
[36m═══════════════════════════════════════[0m

   總計驗證:   23
   ✅ 成功:    23
   ❌ 失敗:    0

[2m📁 驗證日誌: .state/verify_fix_log.json[0m
[36m🔍 verify_fix.js — 驗證修復系統[0m

[2m   History: 50 條記錄[0m
[2m   Errors: 0 條錯誤[0m

[36m📋 開始驗證 13 條修復記錄...[0m

[2m🔍 驗證 FIX-042: scripts/gia_certificate_ocr.js[0m
[2m   Issue: 10 行有行尾空白[0m
[32m   ✅ 修復成功 — 24h 內無同類錯誤再出現[0m

[2m🔍 驗證 FIX-043: scripts/gia_batch_processor.js[0m
[2m   Issue: 2 行有行尾空白[0m
[32m   ✅ 修復成功 — 24h 內無同類錯誤再出現[0m

[2m🔍 驗證 FIX-044: scripts/idex_fetcher.js[0m
[2m   Issue: 3 行有行尾空白[0m
[32m   ✅ 修復成功 — 24h 內無同類錯誤再出現[0m

[2m🔍 驗證 FIX-045: scripts/auto_skill_router.js[0m
[2m   Issue: 46 行有行尾空白[0m
[32m   ✅ 修復成功 — 24h 內無同類錯誤再出現[0m

[2m🔍 驗證 FIX-046: scripts/news_summarizer.js[0m
[2m   Issue: 10 行有行尾空白[0m
[32m   ✅ 修復成功 — 24h 內無同類錯誤再出現[0m

[2m🔍 驗證 FIX-047: scripts/merge_multi_sheet.js[0m
[2m   Issue: 55 行有行尾空白[0m
[32m   ✅ 修復成功 — 24h 內無同類錯誤再出現[0m

[2m🔍 驗證 FIX-048: scripts/image_processor.js[0m
[2m   Issue: 8 行有行尾空白[0m
[32m   ✅ 修復成功 — 24h 內無同類錯誤再出現[0m

[2m🔍 驗證 FIX-049: scripts/idex_fetcher_bot.js[0m
[2m   Issue: 3 行有行尾空白[0m
[32m   ✅ 修復成功 — 24h 內無同類錯誤再出現[0m

[2m🔍 驗證 FIX-050: scripts/gia_image_verifier.js[0m
[2m   Issue: 10 行有行尾空白[0m
[32m   ✅ 修復成功 — 24h 內無同類錯誤再出現[0m

[2m🔍 驗證 FIX-051: scripts/gia_database.js[0m
[2m   Issue: 5 行有行尾空白[0m
[32m   ✅ 修復成功 — 24h 內無同類錯誤再出現[0m

[2m🔍 驗證 FIX-052: scripts/lib/helpers/skip-list.js[0m
[2m   Issue: 22 行有行尾空白[0m
[32m   ✅ 修復成功 — 24h 內無同類錯誤再出現[0m

[2m🔍 驗證 FIX-053: scripts/lib/rules/high-risk.js[0m
[2m   Issue: 2 行有行尾空白[0m
[32m   ✅ 修復成功 — 24h 內無同類錯誤再出現[0m

[2m🔍 驗證 FIX-054: scripts/analyze_magic_numbers.js[0m
[2m   Issue: 6 行有行尾空白[0m
[32m   ✅ 修復成功 — 24h 內無同類錯誤再出現[0m


[36m═══════════════════════════════════════[0m
[1m📊 驗證結果摘要[0m
[36m═══════════════════════════════════════[0m

   總計驗證:   13
   ✅ 成功:    13
   ❌ 失敗:    0

[32m✅ 已驗證成功:[0m
   FIX-042 | scripts/gia_certificate_ocr.js | SR: 100%
   FIX-043 | scripts/gia_batch_processor.js | SR: 100%
   FIX-044 | scripts/idex_fetcher.js | SR: 100%
   FIX-045 | scripts/auto_skill_router.js | SR: 100%
   FIX-046 | scripts/news_summarizer.js | SR: 100%
   FIX-047 | scripts/merge_multi_sheet.js | SR: 100%
   FIX-048 | scripts/image_processor.js | SR: 100%
   FIX-049 | scripts/idex_fetcher_bot.js | SR: 100%
   FIX-050 | scripts/gia_image_verifier.js | SR: 100%
   FIX-051 | scripts/gia_database.js | SR: 100%
   FIX-052 | scripts/lib/helpers/skip-list.js | SR: 100%
   FIX-053 | scripts/lib/rules/high-risk.js | SR: 100%
   FIX-054 | scripts/analyze_magic_numbers.js | SR: 100%

[2m📁 驗證日誌: .state/verify_fix_log.json[0m
[36m🔍 verify_fix.js — 驗證修復系統[0m

[2m   History: 50 條記錄[0m
[2m   Errors: 0 條錯誤[0m

[32m✅ 冇需要驗證的修復[0m
[2m   (所有修復已驗證，或距離修復不到 24 小時)[0m
[36m🔍 verify_fix.js — 驗證修復系統[0m

[2m   History: 50 條記錄[0m
[2m   Errors: 0 條錯誤[0m

[36m📋 開始驗證 4 條修復記錄...[0m

[2m🔍 驗證 FIX-168: scripts/translator.js[0m
[2m   Issue: 5 行有行尾空白[0m
[32m   ✅ 修復成功 — 24h 內無同類錯誤再出現[0m

[2m🔍 驗證 FIX-169: scripts/translator.js[0m
[2m   Issue: 2 行有簡體中文[0m
[32m   ✅ 修復成功 — 24h 內無同類錯誤再出現[0m

[2m🔍 驗證 FIX-170: scripts/task_router.js[0m
[2m   Issue: 15 行有行尾空白[0m
[32m   ✅ 修復成功 — 24h 內無同類錯誤再出現[0m

[2m🔍 驗證 FIX-171: scripts/smart_memory_router.js[0m
[2m   Issue: 10 行有行尾空白[0m
[32m   ✅ 修復成功 — 24h 內無同類錯誤再出現[0m


[36m═══════════════════════════════════════[0m
[1m📊 驗證結果摘要[0m
[36m═══════════════════════════════════════[0m

   總計驗證:   4
   ✅ 成功:    4
   ❌ 失敗:    0

[32m✅ 已驗證成功:[0m
   FIX-168 | scripts/translator.js | SR: 100%
   FIX-169 | scripts/translator.js | SR: 100%
   FIX-170 | scripts/task_router.js | SR: 100%
   FIX-171 | scripts/smart_memory_router.js | SR: 100%

[2m📁 驗證日誌: .state/verify_fix_log.json[0m
[36m🔍 verify_fix.js — 驗證修復系統[0m

[2m   History: 50 條記錄[0m
[2m   Errors: 0 條錯誤[0m

[36m📋 開始驗證 3 條修復記錄...[0m

[2m🔍 驗證 FIX-176: scripts/error_wiki_sync.js[0m
[2m   Issue: 18 行有行尾空白[0m
[32m   ✅ 修復成功 — 24h 內無同類錯誤再出現[0m

[2m🔍 驗證 FIX-177: scripts/wiki_issue_sync.js[0m
[2m   Issue: 23 行有行尾空白[0m
[32m   ✅ 修復成功 — 24h 內無同類錯誤再出現[0m

[2m🔍 驗證 FIX-178: scripts/session_startup.sh[0m
[2m   Issue: 7 行有行尾空白[0m
[32m   ✅ 修復成功 — 24h 內無同類錯誤再出現[0m


[36m═══════════════════════════════════════[0m
[1m📊 驗證結果摘要[0m
[36m═══════════════════════════════════════[0m

   總計驗證:   3
   ✅ 成功:    3
   ❌ 失敗:    0

[32m✅ 已驗證成功:[0m
   FIX-176 | scripts/error_wiki_sync.js | SR: 100%
   FIX-177 | scripts/wiki_issue_sync.js | SR: 100%
   FIX-178 | scripts/session_startup.sh | SR: 100%

[2m📁 驗證日誌: .state/verify_fix_log.json[0m
[36m🔍 verify_fix.js — 驗證修復系統[0m

[2m   History: 50 條記錄[0m
[2m   Errors: 0 條錯誤[0m

[32m✅ 冇需要驗證的修復[0m
[2m   (所有修復已驗證，或距離修復不到 24 小時)[0m
[36m🔍 verify_fix.js — 驗證修復系統[0m

[2m   History: 50 條記錄[0m
[2m   Errors: 0 條錯誤[0m

[32m✅ 冇需要驗證的修復[0m
[2m   (所有修復已驗證，或距離修復不到 24 小時)[0m
