[2026-06-09T17:21:39.945Z] [INFO] [CRON] Starting L0 Abstract Generator for 2026-06-09
[2026-06-09T17:21:39.946Z] [INFO] [CRON] Found 28 L2 files
[2026-06-09T17:21:39.952Z] [INFO] [CRON] MiniMax input pre-filtered + dedup: 15 → 13 lines (unique)
[2026-06-09T17:21:39.952Z] [INFO] [CRON] Using last 2026 chars of L2 (window: 12000)
[2026-06-09T17:21:39.956Z] [INFO] [CRON] OpenClaw CLI available
[2026-06-09T17:21:39.956Z] [INFO] [CRON] Calling minimax-portal/MiniMax-M2.7 via OpenClaw CLI...
[2026-06-09T17:21:45.244Z] [WARN] [CRON] OpenClaw call failed (attempt 1): OpenClaw CLI failed: Command failed: openclaw infer model run --model minimax-portal/MiniMax-M2.7 --prompt 你係 Josh 既私人助理，專門幫佢整理每日工作記錄。

你需要：
- 專注用戶既實際對話內容，唔係系統流程、cron logs、config dumps
- 避免重複內容、空白記錄、系統通知
- 如果 detect 到任務或待辦事項，必須 highlight 出嚟
- 全部用繁體中文（香港用語），絕對禁止簡體中文、唔好用「噉多位」「各位」呢類開場白
- 格式用 bullet point，唔好 section 式排版

你的風格：
- 簡潔明瞭，重點突出
- 聚焦有意義既對話，過濾噪音
- 識別 Action Items / 待完成既任務
- 語氣正式但自然，唔好扮演對話角色

生成 L0 Abstract for 2026-06-09。

要求：
- 150-200 字
- 5 個最重要既 topics
- 直接輸出，唔需要標題解釋。
- 每點用 * 開頭（bullet point）
- 如果今日有 action item，第一點必須係 ⚠️ Action Item
- 每點 1-2 句，保持精簡
- 只記錄今日發生嘅事，唔好回顧過去
- 每點最多 1 句（~30字），禁止具體數字同檔案名，用標題式極簡寫法
- 只能陳述對話記錄直接支援既事實，唔好憑空推測
- 如果資訊唔喺 source material 入面，必須標註 (未確認)

<context timestamp="2026-06-09T17:21:39.956Z">
</context>

對話記錄：
[下午12:07] [事件: 2026-06-14 | 記錄: 2026-06-09] [MAIN]: [] Issue 142 已經建立同填妥 ✅  ## 📋 Issue 142 摘要  標題： KB Ingest cron: systemEvent migration + macOS crontab backup Priority： P1 Due： 2026-06-14（5 日後）  ### 內容包括  - ✅ F (Facts)：完整演變歷史（v1.0 → v3.4）、現時配置、驗證結果 - ✅ D (Decisions)：4 個已做決定 + 2 個待做決定 - ✅ Q (Questions)：3 個核心問題 + 蘇格拉底追問 - ✅ Pro
[下午12:07] [記錄: 2026-06-09] [MAIN]: [] Skill reviewer bot is running — waiting for completion.
[下午12:07] [記錄: 2026-06-09] [MAIN]: [] Skill reviewer bot (PID 85965) is executing — will process result on completion. No action needed at this time.
[下午12:07] [記錄: 2026-06-09] [MAIN]: [] ✅ Skill Reviewer 完成 —冇新 skills（上次運行：無新技能發現）。cron job正常運行。
[下午12:07] [記錄: 2026-06-09] [MAIN]: [] Now let me check the existing structure with a quick read of the parts I need to modify carefully, and the existing cronhealthtriage for reference:
[下午12:07] [記錄: 2026-06-09] [MAIN]: [] Now I have a full understanding. Let me execute the surgical changes. I'll plan the edits:  1. Replace header comment with v3.4 changelog + thin-executor note 2. Add execFileSync import 3. Add discordChannel and logFile to CONFIG 4. Add new functions: logToFile, sendDiscordMessage, printH
[下午12:07] [記錄: 2026-06-09] [MAIN]: [] Now add the new CONFIG fields for discordChannel and logFile:
[下午12:07] [記錄: 2026-06-09] [MAIN]: [] Now let me find the exact location of the main() function to add the new helper functions before it:
[下午12:07] [記錄: 2026-06-09] [MAIN]: [] Now let me insert the new helper functions before // 主流程 (the main process section):
[下午12:07] [記錄: 2026-06-09] [MAIN]: [] Now update main() — the intro, the no-messages branch, and the end (Discord send + exit code):
[下午12:07] [記錄: 2026-06-09] [MAIN]: [] Now update the no-messages branch to also handle log + Discord notify:
[下午12:07] [記錄: 2026-06-09] [MAIN]: [] Now update the end of main() — final summary, Discord notify, granular exit code:
[下午12:07] [記錄: 2026-06-09] [MAIN]: [] Now let me update the final block to add granular exit codes and Discord notify: --json
[state-migrations] Legacy state migration warnings:
- Left plugin install index in place because shared SQLite state has conflicting plugin install metadata for: brave, discord, whatsapp
Error: No text output returned for provider "minimax-portal" model "MiniMax-M2.7": 429 {"type":"error","error":{"type":"rate_limit_error","message":"usage limit exceeded, 5-hour usage limit reached for Token Plan Starter (3000000/3000000 used), resets at 2026-06-09T20:00:00Z (2056)"},"request_id":"06777ea9c149274f95f8dcf43c30dcc1"}.
, retrying...
[2026-06-09T17:21:51.458Z] [ERROR] [CRON] Error: OpenClaw CLI failed: Command failed: openclaw infer model run --model minimax-portal/MiniMax-M2.7 --prompt 你係 Josh 既私人助理，專門幫佢整理每日工作記錄。

你需要：
- 專注用戶既實際對話內容，唔係系統流程、cron logs、config dumps
- 避免重複內容、空白記錄、系統通知
- 如果 detect 到任務或待辦事項，必須 highlight 出嚟
- 全部用繁體中文（香港用語），絕對禁止簡體中文、唔好用「噉多位」「各位」呢類開場白
- 格式用 bullet point，唔好 section 式排版

你的風格：
- 簡潔明瞭，重點突出
- 聚焦有意義既對話，過濾噪音
- 識別 Action Items / 待完成既任務
- 語氣正式但自然，唔好扮演對話角色

生成 L0 Abstract for 2026-06-09。

要求：
- 150-200 字
- 5 個最重要既 topics
- 直接輸出，唔需要標題解釋。
- 每點用 * 開頭（bullet point）
- 如果今日有 action item，第一點必須係 ⚠️ Action Item
- 每點 1-2 句，保持精簡
- 只記錄今日發生嘅事，唔好回顧過去
- 每點最多 1 句（~30字），禁止具體數字同檔案名，用標題式極簡寫法
- 只能陳述對話記錄直接支援既事實，唔好憑空推測
- 如果資訊唔喺 source material 入面，必須標註 (未確認)

<context timestamp="2026-06-09T17:21:46.248Z">
</context>

對話記錄：
[下午12:07] [事件: 2026-06-14 | 記錄: 2026-06-09] [MAIN]: [] Issue 142 已經建立同填妥 ✅  ## 📋 Issue 142 摘要  標題： KB Ingest cron: systemEvent migration + macOS crontab backup Priority： P1 Due： 2026-06-14（5 日後）  ### 內容包括  - ✅ F (Facts)：完整演變歷史（v1.0 → v3.4）、現時配置、驗證結果 - ✅ D (Decisions)：4 個已做決定 + 2 個待做決定 - ✅ Q (Questions)：3 個核心問題 + 蘇格拉底追問 - ✅ Pro
[下午12:07] [記錄: 2026-06-09] [MAIN]: [] Skill reviewer bot is running — waiting for completion.
[下午12:07] [記錄: 2026-06-09] [MAIN]: [] Skill reviewer bot (PID 85965) is executing — will process result on completion. No action needed at this time.
[下午12:07] [記錄: 2026-06-09] [MAIN]: [] ✅ Skill Reviewer 完成 —冇新 skills（上次運行：無新技能發現）。cron job正常運行。
[下午12:07] [記錄: 2026-06-09] [MAIN]: [] Now let me check the existing structure with a quick read of the parts I need to modify carefully, and the existing cronhealthtriage for reference:
[下午12:07] [記錄: 2026-06-09] [MAIN]: [] Now I have a full understanding. Let me execute the surgical changes. I'll plan the edits:  1. Replace header comment with v3.4 changelog + thin-executor note 2. Add execFileSync import 3. Add discordChannel and logFile to CONFIG 4. Add new functions: logToFile, sendDiscordMessage, printH
[下午12:07] [記錄: 2026-06-09] [MAIN]: [] Now add the new CONFIG fields for discordChannel and logFile:
[下午12:07] [記錄: 2026-06-09] [MAIN]: [] Now let me find the exact location of the main() function to add the new helper functions before it:
[下午12:07] [記錄: 2026-06-09] [MAIN]: [] Now let me insert the new helper functions before // 主流程 (the main process section):
[下午12:07] [記錄: 2026-06-09] [MAIN]: [] Now update main() — the intro, the no-messages branch, and the end (Discord send + exit code):
[下午12:07] [記錄: 2026-06-09] [MAIN]: [] Now update the no-messages branch to also handle log + Discord notify:
[下午12:07] [記錄: 2026-06-09] [MAIN]: [] Now update the end of main() — final summary, Discord notify, granular exit code:
[下午12:07] [記錄: 2026-06-09] [MAIN]: [] Now let me update the final block to add granular exit codes and Discord notify: --json
[state-migrations] Legacy state migration warnings:
- Left plugin install index in place because shared SQLite state has conflicting plugin install metadata for: brave, discord, whatsapp
Error: No text output returned for provider "minimax-portal" model "MiniMax-M2.7": 429 {"type":"error","error":{"type":"rate_limit_error","message":"usage limit exceeded, 5-hour usage limit reached for Token Plan Starter (3000000/3000000 used), resets at 2026-06-09T20:00:00Z (2056)"},"request_id":"06777eaf1674aeb84c959234ee61e126"}.

[2026-06-09T17:21:51.459Z] [WARN] [CRON] Trying v2 enhanced extraction fallback...
[2026-06-09T17:21:51.462Z] [SUCCESS] [CRON] ✅ SUCCESS: L0 Abstract written (v2 fallback, 2083 chars)
