[2026-06-08T01:41:39.715Z] [INFO] [MANUAL] Starting L0 Abstract Generator for 2026-06-07
[2026-06-08T01:41:39.721Z] [INFO] [MANUAL] Found 15 L2 files
[2026-06-08T01:41:39.726Z] [INFO] [MANUAL] MiniMax input pre-filtered + dedup: 12 → 10 lines (unique)
[2026-06-08T01:41:39.726Z] [INFO] [MANUAL] Using last 1386 chars of L2 (window: 12000)
[2026-06-08T01:41:39.733Z] [INFO] [MANUAL] OpenClaw CLI available
[2026-06-08T01:41:39.733Z] [INFO] [MANUAL] Calling minimax-portal/MiniMax-M2.7 via OpenClaw CLI...
[2026-06-08T01:42:08.992Z] [INFO] [MANUAL] Starting L0 Abstract Generator for 2026-06-07
[2026-06-08T01:42:08.994Z] [INFO] [MANUAL] Found 15 L2 files
[2026-06-08T01:42:08.996Z] [INFO] [MANUAL] MiniMax input pre-filtered + dedup: 12 → 10 lines (unique)
[2026-06-08T01:42:08.996Z] [INFO] [MANUAL] Using last 1386 chars of L2 (window: 12000)
[2026-06-08T01:42:09.002Z] [INFO] [MANUAL] OpenClaw CLI available
[2026-06-08T01:42:09.002Z] [INFO] [MANUAL] Calling minimax-portal/MiniMax-M2.7 via OpenClaw CLI...
[2026-06-08T01:42:32.930Z] [SUCCESS] [MANUAL] OpenClaw CLI responded in 23.9s
[2026-06-08T01:42:32.931Z] [INFO] [MANUAL] Applied OpenCC s2hk conversion (306 → 306 chars)
[2026-06-08T01:42:32.931Z] [SUCCESS] [MANUAL] ✅ SUCCESS: L0 Abstract written (399 chars)
[2026-06-08T01:45:37.128Z] [INFO] [MANUAL] Starting L0 Abstract Generator for 2026-06-07
[2026-06-08T01:45:37.128Z] [SKIP] [MANUAL] L0 Abstract already exists: /Users/ally/.openclaw/workspace/memory/l0-abstract/2026-06-07.md
[2026-06-08T01:45:44.772Z] [INFO] [MANUAL] Starting L0 Abstract Generator for 2026-06-06
[2026-06-08T01:45:44.775Z] [INFO] [MANUAL] Cross-midnight: found 1 next-day file(s) from 2026-06-07: 2026-06-07-0004.md
[2026-06-08T01:45:44.776Z] [INFO] [MANUAL] Found 21 L2 files
[2026-06-08T01:45:44.781Z] [INFO] [MANUAL] MiniMax input pre-filtered + dedup: 11 → 7 lines (unique)
[2026-06-08T01:45:44.781Z] [INFO] [MANUAL] Using last 1171 chars of L2 (window: 12000)
[2026-06-08T01:45:44.787Z] [INFO] [MANUAL] OpenClaw CLI available
[2026-06-08T01:45:44.788Z] [INFO] [MANUAL] Calling minimax-portal/MiniMax-M2.7 via OpenClaw CLI...
[2026-06-08T01:46:18.764Z] [SUCCESS] [MANUAL] OpenClaw CLI responded in 34.0s
[2026-06-08T01:46:18.766Z] [INFO] [MANUAL] Applied OpenCC s2hk conversion (257 → 257 chars)
[2026-06-08T01:46:18.766Z] [SUCCESS] [MANUAL] ✅ SUCCESS: L0 Abstract written (350 chars)
[2026-06-08T01:50:45.232Z] [INFO] [MANUAL] Starting L0 Abstract Generator for 2026-06-05
[2026-06-08T01:50:45.234Z] [INFO] [MANUAL] Cross-midnight: found 1 next-day file(s) from 2026-06-06: 2026-06-06-0001.md
[2026-06-08T01:50:45.234Z] [INFO] [MANUAL] Found 16 L2 files
[2026-06-08T01:50:45.240Z] [INFO] [MANUAL] MiniMax input pre-filtered + dedup: 10 → 8 lines (unique)
[2026-06-08T01:50:45.240Z] [INFO] [MANUAL] Using last 1587 chars of L2 (window: 12000)
[2026-06-08T01:50:45.243Z] [INFO] [MANUAL] OpenClaw CLI available
[2026-06-08T01:50:45.243Z] [INFO] [MANUAL] Calling minimax-portal/MiniMax-M2.7 via OpenClaw CLI...
[2026-06-08T01:51:02.604Z] [SUCCESS] [MANUAL] OpenClaw CLI responded in 17.4s
[2026-06-08T01:51:02.605Z] [INFO] [MANUAL] Applied OpenCC s2hk conversion (325 → 325 chars)
[2026-06-08T01:51:02.606Z] [SUCCESS] [MANUAL] ✅ SUCCESS: L0 Abstract written (418 chars)
